#
# There is insufficient memory for the Java Runtime Environment to continue.
# Native memory allocation (malloc) failed to allocate 32505856 bytes for committing reserved memory.
# Possible reasons:
#   The system is out of physical RAM or swap space
#   In 32 bit mode, the process size limit was hit
# Possible solutions:
#   Reduce memory load on the system
#   Increase physical memory or swap space
#   Check if swap backing store is full
#   Use 64 bit Java on a 64 bit OS
#   Decrease Java heap size (-Xmx/-Xms)
#   Decrease number of Java threads
#   Decrease Java thread stack sizes (-Xss)
#   Set larger code cache with -XX:ReservedCodeCacheSize=
# This output file may be truncated or incomplete.
#
#  Out of Memory Error (os_linux.cpp:2827), pid=8114, tid=139628730369792
#
# JRE version: OpenJDK Runtime Environment (7.0_85-b01) (build 1.7.0_85-b01)
# Java VM: OpenJDK 64-Bit Server VM (24.85-b03 mixed mode linux-amd64 compressed oops)
# Derivative: IcedTea 2.6.1
# Distribution: Ubuntu 14.04 LTS, package 7u85-2.6.1-5ubuntu0.14.04.1
# Failed to write core dump. Core dumps have been disabled. To enable core dumping, try "ulimit -c unlimited" before starting Java again
#

---------------  T H R E A D  ---------------

Current thread (0x00007efdd4075800):  VMThread [stack: 0x00007efdd8cfc000,0x00007efdd8dfd000] [id=8158]

Stack: [0x00007efdd8cfc000,0x00007efdd8dfd000],  sp=0x00007efdd8dfb490,  free space=1021k
Native frames: (J=compiled Java code, j=interpreted, Vv=VM code, C=native code)
V  [libjvm.so+0x953d45]  VMError::report_and_die()+0x175
V  [libjvm.so+0x48fd24]  report_vm_out_of_memory(char const*, int, unsigned long, char const*)+0x74
V  [libjvm.so+0x7cf91b]  os::pd_commit_memory(char*, unsigned long, unsigned long, bool)+0xeb
V  [libjvm.so+0x7ca3df]  os::commit_memory(char*, unsigned long, unsigned long, bool)+0x1f
V  [libjvm.so+0x83db6b]  PSVirtualSpace::expand_by(unsigned long)+0x5b
V  [libjvm.so+0x83e9d0]  PSYoungGen::resize_generation(unsigned long, unsigned long)+0xb0
V  [libjvm.so+0x83f0bb]  PSYoungGen::resize(unsigned long, unsigned long)+0x1b
V  [libjvm.so+0x83b2f8]  PSScavenge::invoke_no_policy()+0xd68
V  [libjvm.so+0x83bb68]  PSScavenge::invoke()+0x38
V  [libjvm.so+0x7f2123]  ParallelScavengeHeap::failed_mem_allocate(unsigned long)+0x63
V  [libjvm.so+0x955744]  VM_ParallelGCFailedAllocation::doit()+0x84
V  [libjvm.so+0x959847]  VM_Operation::evaluate()+0x47
V  [libjvm.so+0x958308]  VMThread::evaluate_operation(VM_Operation*)+0x318
V  [libjvm.so+0x958769]  VMThread::loop()+0x219
V  [libjvm.so+0x958bb2]  VMThread::run()+0x72
V  [libjvm.so+0x7cc7e2]  java_start(Thread*)+0xf2

VM_Operation (0x00007efdcd1f5f10): ParallelGCFailedAllocation, mode: safepoint, requested by thread 0x00007efdd41aa000


---------------  P R O C E S S  ---------------

Java Threads: ( => current thread )
  0x00007efdd41c6800 JavaThread "pool-1-thread-4" [_thread_blocked, id=8202, stack(0x00007efdcccf3000,0x00007efdccdf4000)]
  0x00007efdd41bb000 JavaThread "pool-1-thread-3" [_thread_blocked, id=8199, stack(0x00007efdccdf4000,0x00007efdccef5000)]
  0x00007efdd41b6800 JavaThread "pool-1-thread-2" [_thread_blocked, id=8193, stack(0x00007efdccef5000,0x00007efdccff6000)]
  0x00007efdd41b5800 JavaThread "pool-2-thread-1" [_thread_blocked, id=8191, stack(0x00007efdccff6000,0x00007efdcd0f7000)]
  0x00007efdd41aa000 JavaThread "pool-1-thread-1" [_thread_blocked, id=8188, stack(0x00007efdcd0f7000,0x00007efdcd1f8000)]
  0x00007efdd40b1000 JavaThread "Service Thread" daemon [_thread_blocked, id=8180, stack(0x00007efdd8014000,0x00007efdd8115000)]
  0x00007efdd40ae800 JavaThread "C2 CompilerThread1" daemon [_thread_blocked, id=8179, stack(0x00007efdd8115000,0x00007efdd8216000)]
  0x00007efdd40ab800 JavaThread "C2 CompilerThread0" daemon [_thread_blocked, id=8171, stack(0x00007efdd8216000,0x00007efdd8317000)]
  0x00007efdd40a9800 JavaThread "Signal Dispatcher" daemon [_thread_blocked, id=8167, stack(0x00007efdd8317000,0x00007efdd8418000)]
  0x00007efdd407c000 JavaThread "Finalizer" daemon [_thread_blocked, id=8166, stack(0x00007efdd8afa000,0x00007efdd8bfb000)]
  0x00007efdd407a000 JavaThread "Reference Handler" daemon [_thread_blocked, id=8165, stack(0x00007efdd8bfb000,0x00007efdd8cfc000)]
  0x00007efdd400a800 JavaThread "main" [_thread_blocked, id=8137, stack(0x00007efdddebe000,0x00007efdddfbf000)]

Other Threads:
=>0x00007efdd4075800 VMThread [stack: 0x00007efdd8cfc000,0x00007efdd8dfd000] [id=8158]
  0x00007efdd40bb800 WatcherThread [stack: 0x00007efdce9cf000,0x00007efdcead0000] [id=8181]

VM state:at safepoint (normal execution)

VM Mutex/Monitor currently owned by a thread:  ([mutex/lock_event])
[0x00007efdd40069b0] Threads_lock - owner thread: 0x00007efdd4075800
[0x00007efdd4006eb0] Heap_lock - owner thread: 0x00007efdd41aa000

Heap
 PSYoungGen      total 34304K, used 2560K [0x00000000eaa80000, 0x00000000ece80000, 0x0000000100000000)
  eden space 31744K, 0% used [0x00000000eaa80000,0x00000000eaa80000,0x00000000ec980000)
  from space 2560K, 100% used [0x00000000ec980000,0x00000000ecc00000,0x00000000ecc00000)
  to   space 2560K, 0% used [0x00000000ecc00000,0x00000000ecc00000,0x00000000ece80000)
 ParOldGen       total 41472K, used 8572K [0x00000000c0000000, 0x00000000c2880000, 0x00000000eaa80000)
  object space 41472K, 20% used [0x00000000c0000000,0x00000000c085f250,0x00000000c2880000)
 PSPermGen       total 21504K, used 6043K [0x00000000b5a00000, 0x00000000b6f00000, 0x00000000c0000000)
  object space 21504K, 28% used [0x00000000b5a00000,0x00000000b5fe6c28,0x00000000b6f00000)

Card table byte_map: [0x00007efdda8a5000,0x00007efddaaf9000] byte_map_base: 0x00007efdda2f8000

Polling page: 0x00007efdddfe1000

Code Cache  [0x00007efdd1000000, 0x00007efdd1270000, 0x00007efdd4000000)
 total_blobs=434 nmethods=203 adapters=184 free_code_cache=48237Kb largest_free_block=49327808

Compilation events (10 events):
Event: 7.386 Thread 0x00007efdd40ae800 nmethod 198 0x00007efdd10cb210 code [0x00007efdd10cb380, 0x00007efdd10cb5e8]
Event: 7.387 Thread 0x00007efdd40ae800  199   !         com.android.dx.rop.cst.StdConstantPool::getOrNull (13 bytes)
Event: 7.407 Thread 0x00007efdd40ae800 nmethod 199 0x00007efdd10cc390 code [0x00007efdd10cc4e0, 0x00007efdd10cc578]
Event: 7.407 Thread 0x00007efdd40ae800  200             java.util.ArrayList$SubList::checkForComodification (23 bytes)
Event: 7.412 Thread 0x00007efdd40ae800 nmethod 200 0x00007efdd10d3e50 code [0x00007efdd10d3fa0, 0x00007efdd10d4018]
Event: 7.412 Thread 0x00007efdd40ae800  201             com.android.dx.rop.cst.Constant::compareTo (9 bytes)
Event: 7.414 Thread 0x00007efdd40ae800 nmethod 201 0x00007efdd10ce750 code [0x00007efdd10ce8c0, 0x00007efdd10ceab8]
Event: 7.414 Thread 0x00007efdd40ae800  202             com.android.dx.ssa.SCCP::simulateBranch (666 bytes)
Event: 8.953 Thread 0x00007efdd40ae800 nmethod 202 0x00007efdd10dff10 code [0x00007efdd10e05a0, 0x00007efdd10e4038]
Event: 8.960 Thread 0x00007efdd40ab800 nmethod 181 0x00007efdd10ea790 code [0x00007efdd10eadc0, 0x00007efdd10edf20]

GC Heap History (5 events):
Event: 2.559 GC heap before
{Heap before GC invocations=1 (full 0):
 PSYoungGen      total 18432K, used 15872K [0x00000000eaa80000, 0x00000000ebf00000, 0x0000000100000000)
  eden space 15872K, 100% used [0x00000000eaa80000,0x00000000eba00000,0x00000000eba00000)
  from space 2560K, 0% used [0x00000000ebc80000,0x00000000ebc80000,0x00000000ebf00000)
  to   space 2560K, 0% used [0x00000000eba00000,0x00000000eba00000,0x00000000ebc80000)
 ParOldGen       total 41472K, used 0K [0x00000000c0000000, 0x00000000c2880000, 0x00000000eaa80000)
  object space 41472K, 0% used [0x00000000c0000000,0x00000000c0000000,0x00000000c2880000)
 PSPermGen       total 21504K, used 5788K [0x00000000b5a00000, 0x00000000b6f00000, 0x00000000c0000000)
  object space 21504K, 26% used [0x00000000b5a00000,0x00000000b5fa7388,0x00000000b6f00000)
Event: 2.618 GC heap after
Heap after GC invocations=1 (full 0):
 PSYoungGen      total 18432K, used 2551K [0x00000000eaa80000, 0x00000000ece80000, 0x0000000100000000)
  eden space 15872K, 0% used [0x00000000eaa80000,0x00000000eaa80000,0x00000000eba00000)
  from space 2560K, 99% used [0x00000000eba00000,0x00000000ebc7dc78,0x00000000ebc80000)
  to   space 2560K, 0% used [0x00000000ecc00000,0x00000000ecc00000,0x00000000ece80000)
 ParOldGen       total 41472K, used 1497K [0x00000000c0000000, 0x00000000c2880000, 0x00000000eaa80000)
  object space 41472K, 3% used [0x00000000c0000000,0x00000000c0176658,0x00000000c2880000)
 PSPermGen       total 21504K, used 5788K [0x00000000b5a00000, 0x00000000b6f00000, 0x00000000c0000000)
  object space 21504K, 26% used [0x00000000b5a00000,0x00000000b5fa7388,0x00000000b6f00000)
}
Event: 4.467 GC heap before
{Heap before GC invocations=2 (full 0):
 PSYoungGen      total 18432K, used 18423K [0x00000000eaa80000, 0x00000000ece80000, 0x0000000100000000)
  eden space 15872K, 100% used [0x00000000eaa80000,0x00000000eba00000,0x00000000eba00000)
  from space 2560K, 99% used [0x00000000eba00000,0x00000000ebc7dc78,0x00000000ebc80000)
  to   space 2560K, 0% used [0x00000000ecc00000,0x00000000ecc00000,0x00000000ece80000)
 ParOldGen       total 41472K, used 1497K [0x00000000c0000000, 0x00000000c2880000, 0x00000000eaa80000)
  object space 41472K, 3% used [0x00000000c0000000,0x00000000c0176658,0x00000000c2880000)
 PSPermGen       total 21504K, used 5972K [0x00000000b5a00000, 0x00000000b6f00000, 0x00000000c0000000)
  object space 21504K, 27% used [0x00000000b5a00000,0x00000000b5fd5360,0x00000000b6f00000)
Event: 4.524 GC heap after
Heap after GC invocations=2 (full 0):
 PSYoungGen      total 34304K, used 2551K [0x00000000eaa80000, 0x00000000ece80000, 0x0000000100000000)
  eden space 31744K, 0% used [0x00000000eaa80000,0x00000000eaa80000,0x00000000ec980000)
  from space 2560K, 99% used [0x00000000ecc00000,0x00000000ece7dc88,0x00000000ece80000)
  to   space 2560K, 0% used [0x00000000ec980000,0x00000000ec980000,0x00000000ecc00000)
 ParOldGen       total 41472K, used 3588K [0x00000000c0000000, 0x00000000c2880000, 0x00000000eaa80000)
  object space 41472K, 8% used [0x00000000c0000000,0x00000000c03813c8,0x00000000c2880000)
 PSPermGen       total 21504K, used 5972K [0x00000000b5a00000, 0x00000000b6f00000, 0x00000000c0000000)
  object space 21504K, 27% used [0x00000000b5a00000,0x00000000b5fd5360,0x00000000b6f00000)
}
Event: 11.464 GC heap before
{Heap before GC invocations=3 (full 0):
 PSYoungGen      total 34304K, used 34295K [0x00000000eaa80000, 0x00000000ece80000, 0x0000000100000000)
  eden space 31744K, 100% used [0x00000000eaa80000,0x00000000ec980000,0x00000000ec980000)
  from space 2560K, 99% used [0x00000000ecc00000,0x00000000ece7dc88,0x00000000ece80000)
  to   space 2560K, 0% used [0x00000000ec980000,0x00000000ec980000,0x00000000ecc00000)
 ParOldGen       total 41472K, used 3588K [0x00000000c0000000, 0x00000000c2880000, 0x00000000eaa80000)
  object space 41472K, 8% used [0x00000000c0000000,0x00000000c03813c8,0x00000000c2880000)
 PSPermGen       total 21504K, used 6043K [0x00000000b5a00000, 0x00000000b6f00000, 0x00000000c0000000)
  object space 21504K, 28% used [0x00000000b5a00000,0x00000000b5fe6c28,0x00000000b6f00000)

Deoptimization events (10 events):
Event: 2.370 Thread 0x00007efdd41bb000 Uncommon trap: reason=class_check action=maybe_recompile pc=0x00007efdd1073e74 method=com.android.dx.ssa.NormalSsaInsn.accept(Lcom/android/dx/ssa/SsaInsn$Visitor;)V @ 9
Event: 2.380 Thread 0x00007efdd41b6800 Uncommon trap: reason=null_check action=make_not_entrant pc=0x00007efdd107a9d0 method=com.android.dx.rop.code.LocalItem.equals(Ljava/lang/Object;)Z @ 1
Event: 2.972 Thread 0x00007efdd41aa000 Uncommon trap: reason=class_check action=maybe_recompile pc=0x00007efdd1073e74 method=com.android.dx.ssa.NormalSsaInsn.accept(Lcom/android/dx/ssa/SsaInsn$Visitor;)V @ 9
Event: 6.621 Thread 0x00007efdd41aa000 Uncommon trap: reason=null_check action=make_not_entrant pc=0x00007efdd10a5490 method=com.android.dx.ssa.SsaRenamer.getLocalForNewReg(I)Lcom/android/dx/rop/code/LocalItem; @ 19
Event: 6.623 Thread 0x00007efdd41aa000 Uncommon trap: reason=null_check action=make_not_entrant pc=0x00007efdd10ae538 method=com.android.dx.ssa.SsaRenamer.getLocalForNewReg(I)Lcom/android/dx/rop/code/LocalItem; @ 19
Event: 6.678 Thread 0x00007efdd41bb000 Uncommon trap: reason=bimorphic action=maybe_recompile pc=0x00007efdd108f744 method=com.android.dx.ssa.NormalSsaInsn.accept(Lcom/android/dx/ssa/SsaInsn$Visitor;)V @ 9
Event: 6.679 Thread 0x00007efdd41bb000 Uncommon trap: reason=bimorphic action=maybe_recompile pc=0x00007efdd108f744 method=com.android.dx.ssa.NormalSsaInsn.accept(Lcom/android/dx/ssa/SsaInsn$Visitor;)V @ 9
Event: 6.680 Thread 0x00007efdd41bb000 Uncommon trap: reason=bimorphic action=maybe_recompile pc=0x00007efdd108f744 method=com.android.dx.ssa.NormalSsaInsn.accept(Lcom/android/dx/ssa/SsaInsn$Visitor;)V @ 9
Event: 6.680 Thread 0x00007efdd41bb000 Uncommon trap: reason=bimorphic action=maybe_recompile pc=0x00007efdd108f744 method=com.android.dx.ssa.NormalSsaInsn.accept(Lcom/android/dx/ssa/SsaInsn$Visitor;)V @ 9
Event: 11.464 Thread 0x00007efdd41c6800 Uncommon trap: reason=bimorphic action=maybe_recompile pc=0x00007efdd10b13a0 method=java.util.HashMap.put(Ljava/lang/Object;Ljava/lang/Object;)Ljava/lang/Object; @ 83

Internal exceptions (10 events):
Event: 2.181 Thread 0x00007efdd400a800 Threw 0x00000000eb6a3ad0 at /build/openjdk-7-65SuYz/openjdk-7-7u85-2.6.1/build/openjdk/hotspot/src/share/vm/prims/jvm.cpp:1322
Event: 2.182 Thread 0x00007efdd400a800 Threw 0x00000000eb6a9340 at /build/openjdk-7-65SuYz/openjdk-7-7u85-2.6.1/build/openjdk/hotspot/src/share/vm/prims/jvm.cpp:1322
Event: 2.380 Thread 0x00007efdd41b6800 Implicit null exception at 0x00007efdd107a7d2 to 0x00007efdd107a9a9
Event: 2.660 Thread 0x00007efdd41aa000 Threw 0x00000000eab44a98 at /build/openjdk-7-65SuYz/openjdk-7-7u85-2.6.1/build/openjdk/hotspot/src/share/vm/prims/jvm.cpp:1322
Event: 2.700 Thread 0x00007efdd41b6800 Threw 0x00000000eaa93a78 at /build/openjdk-7-65SuYz/openjdk-7-7u85-2.6.1/build/openjdk/hotspot/src/share/vm/prims/jvm.cpp:1322
Event: 3.249 Thread 0x00007efdd41aa000 Threw 0x00000000eaf5f7b8 at /build/openjdk-7-65SuYz/openjdk-7-7u85-2.6.1/build/openjdk/hotspot/src/share/vm/prims/jvm.cpp:1322
Event: 3.293 Thread 0x00007efdd400a800 Threw 0x00000000eb08b938 at /build/openjdk-7-65SuYz/openjdk-7-7u85-2.6.1/build/openjdk/hotspot/src/share/vm/prims/jvm.cpp:1322
Event: 4.552 Thread 0x00007efdd400a800 Threw 0x00000000eaaa5128 at /build/openjdk-7-65SuYz/openjdk-7-7u85-2.6.1/build/openjdk/hotspot/src/share/vm/prims/jvm.cpp:1322
Event: 6.621 Thread 0x00007efdd41aa000 Implicit null exception at 0x00007efdd10a4990 to 0x00007efdd10a5475
Event: 6.623 Thread 0x00007efdd41aa000 Implicit null exception at 0x00007efdd10adb4c to 0x00007efdd10ae515

Events (10 events):
Event: 6.679 Thread 0x00007efdd41bb000 DEOPT PACKING pc=0x00007efdd108f744 sp=0x00007efdccef2f40
Event: 6.679 Thread 0x00007efdd41bb000 DEOPT UNPACKING pc=0x00007efdd1039445 sp=0x00007efdccef2ea0 mode 2
Event: 6.680 Thread 0x00007efdd41bb000 Uncommon trap: trap_request=0xffffffc6 fr.pc=0x00007efdd108f744
Event: 6.680 Thread 0x00007efdd41bb000 DEOPT PACKING pc=0x00007efdd108f744 sp=0x00007efdccef3160
Event: 6.680 Thread 0x00007efdd41bb000 DEOPT UNPACKING pc=0x00007efdd1039445 sp=0x00007efdccef30c0 mode 2
Event: 6.680 Thread 0x00007efdd41bb000 Uncommon trap: trap_request=0xffffffc6 fr.pc=0x00007efdd108f744
Event: 6.680 Thread 0x00007efdd41bb000 DEOPT PACKING pc=0x00007efdd108f744 sp=0x00007efdccef3190
Event: 6.680 Thread 0x00007efdd41bb000 DEOPT UNPACKING pc=0x00007efdd1039445 sp=0x00007efdccef30f0 mode 2
Event: 8.935 Thread 0x00007efdd41c6800 Uncommon trap: trap_request=0xffffffc6 fr.pc=0x00007efdd10b13a0
Event: 10.913 Executing VM operation: ParallelGCFailedAllocation


Dynamic libraries:
00400000-00401000 r-xp 00000000 08:03 9576404                            /usr/lib/jvm/java-7-openjdk-amd64/jre/bin/java
00600000-00601000 r--p 00000000 08:03 9576404                            /usr/lib/jvm/java-7-openjdk-amd64/jre/bin/java
00601000-00602000 rw-p 00001000 08:03 9576404                            /usr/lib/jvm/java-7-openjdk-amd64/jre/bin/java
01627000-01648000 rw-p 00000000 00:00 0                                  [heap]
b5a00000-b6f00000 rw-p 00000000 00:00 0 
b6f00000-c0000000 rw-p 00000000 00:00 0 
c0000000-c2880000 rw-p 00000000 00:00 0 
c2880000-eaa80000 rw-p 00000000 00:00 0 
eaa80000-ece80000 rw-p 00000000 00:00 0 
eed80000-100000000 rw-p 00000000 00:00 0 
7efd80000000-7efd80021000 rw-p 00000000 00:00 0 
7efd80021000-7efd84000000 ---p 00000000 00:00 0 
7efd88000000-7efd88025000 rw-p 00000000 00:00 0 
7efd88025000-7efd8c000000 ---p 00000000 00:00 0 
7efd8c000000-7efd8c028000 rw-p 00000000 00:00 0 
7efd8c028000-7efd90000000 ---p 00000000 00:00 0 
7efd90000000-7efd90021000 rw-p 00000000 00:00 0 
7efd90021000-7efd94000000 ---p 00000000 00:00 0 
7efd98000000-7efd98021000 rw-p 00000000 00:00 0 
7efd98021000-7efd9c000000 ---p 00000000 00:00 0 
7efd9c000000-7efd9c033000 rw-p 00000000 00:00 0 
7efd9c033000-7efda0000000 ---p 00000000 00:00 0 
7efda0000000-7efda0ca0000 rw-p 00000000 00:00 0 
7efda0ca0000-7efda4000000 ---p 00000000 00:00 0 
7efda4000000-7efda4021000 rw-p 00000000 00:00 0 
7efda4021000-7efda8000000 ---p 00000000 00:00 0 
7efda8000000-7efda8021000 rw-p 00000000 00:00 0 
7efda8021000-7efdac000000 ---p 00000000 00:00 0 
7efdac000000-7efdacb1c000 rw-p 00000000 00:00 0 
7efdacb1c000-7efdb0000000 ---p 00000000 00:00 0 
7efdb0000000-7efdb0021000 rw-p 00000000 00:00 0 
7efdb0021000-7efdb4000000 ---p 00000000 00:00 0 
7efdb4000000-7efdb4021000 rw-p 00000000 00:00 0 
7efdb4021000-7efdb8000000 ---p 00000000 00:00 0 
7efdb8000000-7efdb8021000 rw-p 00000000 00:00 0 
7efdb8021000-7efdbc000000 ---p 00000000 00:00 0 
7efdbc000000-7efdbc0e1000 rw-p 00000000 00:00 0 
7efdbc0e1000-7efdc0000000 ---p 00000000 00:00 0 
7efdc0000000-7efdc0021000 rw-p 00000000 00:00 0 
7efdc0021000-7efdc4000000 ---p 00000000 00:00 0 
7efdc4000000-7efdc4021000 rw-p 00000000 00:00 0 
7efdc4021000-7efdc8000000 ---p 00000000 00:00 0 
7efdc8000000-7efdc8021000 rw-p 00000000 00:00 0 
7efdc8021000-7efdcc000000 ---p 00000000 00:00 0 
7efdccb92000-7efdcccf3000 rw-p 00000000 00:00 0 
7efdcccf3000-7efdcccf6000 ---p 00000000 00:00 0 
7efdcccf6000-7efdccdf4000 rw-p 00000000 00:00 0                          [stack:8202]
7efdccdf4000-7efdccdf7000 ---p 00000000 00:00 0 
7efdccdf7000-7efdccef5000 rw-p 00000000 00:00 0                          [stack:8199]
7efdccef5000-7efdccef8000 ---p 00000000 00:00 0 
7efdccef8000-7efdccff6000 rw-p 00000000 00:00 0                          [stack:8193]
7efdccff6000-7efdccff9000 ---p 00000000 00:00 0 
7efdccff9000-7efdcd0f7000 rw-p 00000000 00:00 0                          [stack:8191]
7efdcd0f7000-7efdcd0fa000 ---p 00000000 00:00 0 
7efdcd0fa000-7efdcd229000 rw-p 00000000 00:00 0                          [stack:8188]
7efdcd229000-7efdcd266000 r-xp 00000000 08:03 13373646                   /lib/x86_64-linux-gnu/libpcre.so.3.13.1
7efdcd266000-7efdcd465000 ---p 0003d000 08:03 13373646                   /lib/x86_64-linux-gnu/libpcre.so.3.13.1
7efdcd465000-7efdcd466000 r--p 0003c000 08:03 13373646                   /lib/x86_64-linux-gnu/libpcre.so.3.13.1
7efdcd466000-7efdcd467000 rw-p 0003d000 08:03 13373646                   /lib/x86_64-linux-gnu/libpcre.so.3.13.1
7efdcd467000-7efdcd46e000 r-xp 00000000 08:03 6168502                    /usr/lib/x86_64-linux-gnu/libffi.so.6.0.1
7efdcd46e000-7efdcd66d000 ---p 00007000 08:03 6168502                    /usr/lib/x86_64-linux-gnu/libffi.so.6.0.1
7efdcd66d000-7efdcd66e000 r--p 00006000 08:03 6168502                    /usr/lib/x86_64-linux-gnu/libffi.so.6.0.1
7efdcd66e000-7efdcd66f000 rw-p 00007000 08:03 6168502                    /usr/lib/x86_64-linux-gnu/libffi.so.6.0.1
7efdcd66f000-7efdcd686000 r-xp 00000000 08:03 13373669                   /lib/x86_64-linux-gnu/libresolv-2.19.so
7efdcd686000-7efdcd886000 ---p 00017000 08:03 13373669                   /lib/x86_64-linux-gnu/libresolv-2.19.so
7efdcd886000-7efdcd887000 r--p 00017000 08:03 13373669                   /lib/x86_64-linux-gnu/libresolv-2.19.so
7efdcd887000-7efdcd888000 rw-p 00018000 08:03 13373669                   /lib/x86_64-linux-gnu/libresolv-2.19.so
7efdcd888000-7efdcd88a000 rw-p 00000000 00:00 0 
7efdcd88a000-7efdcd8aa000 r-xp 00000000 08:03 13373673                   /lib/x86_64-linux-gnu/libselinux.so.1
7efdcd8aa000-7efdcdaa9000 ---p 00020000 08:03 13373673                   /lib/x86_64-linux-gnu/libselinux.so.1
7efdcdaa9000-7efdcdaaa000 r--p 0001f000 08:03 13373673                   /lib/x86_64-linux-gnu/libselinux.so.1
7efdcdaaa000-7efdcdaab000 rw-p 00020000 08:03 13373673                   /lib/x86_64-linux-gnu/libselinux.so.1
7efdcdaab000-7efdcdaad000 rw-p 00000000 00:00 0 
7efdcdaad000-7efdcdab0000 r-xp 00000000 08:03 6168615                    /usr/lib/x86_64-linux-gnu/libgmodule-2.0.so.0.4002.0
7efdcdab0000-7efdcdcaf000 ---p 00003000 08:03 6168615                    /usr/lib/x86_64-linux-gnu/libgmodule-2.0.so.0.4002.0
7efdcdcaf000-7efdcdcb0000 r--p 00002000 08:03 6168615                    /usr/lib/x86_64-linux-gnu/libgmodule-2.0.so.0.4002.0
7efdcdcb0000-7efdcdcb1000 rw-p 00003000 08:03 6168615                    /usr/lib/x86_64-linux-gnu/libgmodule-2.0.so.0.4002.0
7efdcdcb1000-7efdcddb7000 r-xp 00000000 08:03 13373574                   /lib/x86_64-linux-gnu/libglib-2.0.so.0.4002.0
7efdcddb7000-7efdcdfb6000 ---p 00106000 08:03 13373574                   /lib/x86_64-linux-gnu/libglib-2.0.so.0.4002.0
7efdcdfb6000-7efdcdfb7000 r--p 00105000 08:03 13373574                   /lib/x86_64-linux-gnu/libglib-2.0.so.0.4002.0
7efdcdfb7000-7efdcdfb8000 rw-p 00106000 08:03 13373574                   /lib/x86_64-linux-gnu/libglib-2.0.so.0.4002.0
7efdcdfb8000-7efdcdfb9000 rw-p 00000000 00:00 0 
7efdcdfb9000-7efdce008000 r-xp 00000000 08:03 6168631                    /usr/lib/x86_64-linux-gnu/libgobject-2.0.so.0.4002.0
7efdce008000-7efdce208000 ---p 0004f000 08:03 6168631                    /usr/lib/x86_64-linux-gnu/libgobject-2.0.so.0.4002.0
7efdce208000-7efdce209000 r--p 0004f000 08:03 6168631                    /usr/lib/x86_64-linux-gnu/libgobject-2.0.so.0.4002.0
7efdce209000-7efdce20a000 rw-p 00050000 08:03 6168631                    /usr/lib/x86_64-linux-gnu/libgobject-2.0.so.0.4002.0
7efdce20a000-7efdce376000 r-xp 00000000 08:03 6168603                    /usr/lib/x86_64-linux-gnu/libgio-2.0.so.0.4002.0
7efdce376000-7efdce575000 ---p 0016c000 08:03 6168603                    /usr/lib/x86_64-linux-gnu/libgio-2.0.so.0.4002.0
7efdce575000-7efdce579000 r--p 0016b000 08:03 6168603                    /usr/lib/x86_64-linux-gnu/libgio-2.0.so.0.4002.0
7efdce579000-7efdce57b000 rw-p 0016f000 08:03 6168603                    /usr/lib/x86_64-linux-gnu/libgio-2.0.so.0.4002.0
7efdce57b000-7efdce57d000 rw-p 00000000 00:00 0 
7efdce59b000-7efdce5b2000 r-xp 00000000 08:03 9576459                    /usr/lib/jvm/java-7-openjdk-amd64/jre/lib/amd64/libnet.so
7efdce5b2000-7efdce7b1000 ---p 00017000 08:03 9576459                    /usr/lib/jvm/java-7-openjdk-amd64/jre/lib/amd64/libnet.so
7efdce7b1000-7efdce7b2000 r--p 00016000 08:03 9576459                    /usr/lib/jvm/java-7-openjdk-amd64/jre/lib/amd64/libnet.so
7efdce7b2000-7efdce7b3000 rw-p 00017000 08:03 9576459                    /usr/lib/jvm/java-7-openjdk-amd64/jre/lib/amd64/libnet.so
7efdce7b3000-7efdce7c3000 r-xp 00000000 08:03 9576429                    /usr/lib/jvm/java-7-openjdk-amd64/jre/lib/amd64/libnio.so
7efdce7c3000-7efdce9c3000 ---p 00010000 08:03 9576429                    /usr/lib/jvm/java-7-openjdk-amd64/jre/lib/amd64/libnio.so
7efdce9c3000-7efdce9c4000 r--p 00010000 08:03 9576429                    /usr/lib/jvm/java-7-openjdk-amd64/jre/lib/amd64/libnio.so
7efdce9c4000-7efdce9c5000 rw-p 00011000 08:03 9576429                    /usr/lib/jvm/java-7-openjdk-amd64/jre/lib/amd64/libnio.so
7efdce9c5000-7efdce9cf000 r--s 00041000 08:03 12976874                   /home/vineet/Documents/CEN/IC3/gatorEvents/app/build/intermediates/exploded-aar/com.android.support/support-v4/23.1.1/jars/libs/internal_impl-23.1.1.jar
7efdce9cf000-7efdce9d0000 ---p 00000000 00:00 0 
7efdce9d0000-7efdd1000000 rw-p 00000000 00:00 0                          [stack:8181]
7efdd1000000-7efdd1270000 rwxp 00000000 00:00 0 
7efdd1270000-7efdd41e2000 rw-p 00000000 00:00 0 
7efdd41e2000-7efdd8000000 ---p 00000000 00:00 0 
7efdd8005000-7efdd8014000 r--s 000df000 08:03 12845095                   /home/vineet/Android/Sdk/build-tools/23.0.0/lib/dx.jar
7efdd8014000-7efdd8017000 ---p 00000000 00:00 0 
7efdd8017000-7efdd8115000 rw-p 00000000 00:00 0                          [stack:8180]
7efdd8115000-7efdd8118000 ---p 00000000 00:00 0 
7efdd8118000-7efdd8216000 rw-p 00000000 00:00 0                          [stack:8179]
7efdd8216000-7efdd8219000 ---p 00000000 00:00 0 
7efdd8219000-7efdd8317000 rw-p 00000000 00:00 0                          [stack:8171]
7efdd8317000-7efdd831a000 ---p 00000000 00:00 0 
7efdd831a000-7efdd8418000 rw-p 00000000 00:00 0                          [stack:8167]
7efdd8418000-7efdd8afa000 r--p 00000000 08:03 6167220                    /usr/lib/locale/locale-archive
7efdd8afa000-7efdd8afd000 ---p 00000000 00:00 0 
7efdd8afd000-7efdd8bfb000 rw-p 00000000 00:00 0                          [stack:8166]
7efdd8bfb000-7efdd8bfe000 ---p 00000000 00:00 0 
7efdd8bfe000-7efdd8cfc000 rw-p 00000000 00:00 0                          [stack:8165]
7efdd8cfc000-7efdd8cfd000 ---p 00000000 00:00 0 
7efdd8cfd000-7efdd9dfa000 rw-p 00000000 00:00 0                          [stack:8158]
7efdd9dfa000-7efdd9fac000 r--s 01d30000 08:03 9576423                    /usr/lib/jvm/java-7-openjdk-amd64/jre/lib/rt.jar
7efdd9fac000-7efdda2f8000 rw-p 00000000 00:00 0 
7efdda2f8000-7efdda2f9000 ---p 00000000 00:00 0 
7efdda2f9000-7efdda3f9000 rw-p 00000000 00:00 0                          [stack:8149]
7efdda3f9000-7efdda3fa000 ---p 00000000 00:00 0 
7efdda3fa000-7efdda4fa000 rw-p 00000000 00:00 0                          [stack:8147]
7efdda4fa000-7efdda4fb000 ---p 00000000 00:00 0 
7efdda4fb000-7efdda5fb000 rw-p 00000000 00:00 0                          [stack:8146]
7efdda5fb000-7efdda5fc000 ---p 00000000 00:00 0 
7efdda5fc000-7efdda707000 rw-p 00000000 00:00 0                          [stack:8139]
7efdda707000-7efdda74f000 rw-p 00000000 00:00 0 
7efdda74f000-7efdda764000 rw-p 00000000 00:00 0 
7efdda764000-7efdda8a5000 rw-p 00000000 00:00 0 
7efdda8a5000-7efdda8b0000 rw-p 00000000 00:00 0 
7efdda8b0000-7efdda8f8000 rw-p 00000000 00:00 0 
7efdda8f8000-7efdda90d000 rw-p 00000000 00:00 0 
7efdda90d000-7efddaa4d000 rw-p 00000000 00:00 0 
7efddaa4d000-7efddaa60000 rw-p 00000000 00:00 0 
7efddaa60000-7efddaaf8000 rw-p 00000000 00:00 0 
7efddaaf8000-7efddaaf9000 rw-p 00000000 00:00 0 
7efddaaf9000-7efddab01000 r-xp 00000000 08:03 9576433                    /usr/lib/jvm/java-7-openjdk-amd64/jre/lib/amd64/libzip.so
7efddab01000-7efddad00000 ---p 00008000 08:03 9576433                    /usr/lib/jvm/java-7-openjdk-amd64/jre/lib/amd64/libzip.so
7efddad00000-7efddad01000 r--p 00007000 08:03 9576433                    /usr/lib/jvm/java-7-openjdk-amd64/jre/lib/amd64/libzip.so
7efddad01000-7efddad02000 rw-p 00008000 08:03 9576433                    /usr/lib/jvm/java-7-openjdk-amd64/jre/lib/amd64/libzip.so
7efddad02000-7efddad0d000 r-xp 00000000 08:03 13373618                   /lib/x86_64-linux-gnu/libnss_files-2.19.so
7efddad0d000-7efddaf0c000 ---p 0000b000 08:03 13373618                   /lib/x86_64-linux-gnu/libnss_files-2.19.so
7efddaf0c000-7efddaf0d000 r--p 0000a000 08:03 13373618                   /lib/x86_64-linux-gnu/libnss_files-2.19.so
7efddaf0d000-7efddaf0e000 rw-p 0000b000 08:03 13373618                   /lib/x86_64-linux-gnu/libnss_files-2.19.so
7efddaf0e000-7efddaf19000 r-xp 00000000 08:03 13373628                   /lib/x86_64-linux-gnu/libnss_nis-2.19.so
7efddaf19000-7efddb118000 ---p 0000b000 08:03 13373628                   /lib/x86_64-linux-gnu/libnss_nis-2.19.so
7efddb118000-7efddb119000 r--p 0000a000 08:03 13373628                   /lib/x86_64-linux-gnu/libnss_nis-2.19.so
7efddb119000-7efddb11a000 rw-p 0000b000 08:03 13373628                   /lib/x86_64-linux-gnu/libnss_nis-2.19.so
7efddb11a000-7efddb131000 r-xp 00000000 08:03 13373612                   /lib/x86_64-linux-gnu/libnsl-2.19.so
7efddb131000-7efddb330000 ---p 00017000 08:03 13373612                   /lib/x86_64-linux-gnu/libnsl-2.19.so
7efddb330000-7efddb331000 r--p 00016000 08:03 13373612                   /lib/x86_64-linux-gnu/libnsl-2.19.so
7efddb331000-7efddb332000 rw-p 00017000 08:03 13373612                   /lib/x86_64-linux-gnu/libnsl-2.19.so
7efddb332000-7efddb334000 rw-p 00000000 00:00 0 
7efddb334000-7efddb33d000 r-xp 00000000 08:03 13373614                   /lib/x86_64-linux-gnu/libnss_compat-2.19.so
7efddb33d000-7efddb53c000 ---p 00009000 08:03 13373614                   /lib/x86_64-linux-gnu/libnss_compat-2.19.so
7efddb53c000-7efddb53d000 r--p 00008000 08:03 13373614                   /lib/x86_64-linux-gnu/libnss_compat-2.19.so
7efddb53d000-7efddb53e000 rw-p 00009000 08:03 13373614                   /lib/x86_64-linux-gnu/libnss_compat-2.19.so
7efddb53e000-7efddb569000 r-xp 00000000 08:03 9576441                    /usr/lib/jvm/java-7-openjdk-amd64/jre/lib/amd64/libjava.so
7efddb569000-7efddb769000 ---p 0002b000 08:03 9576441                    /usr/lib/jvm/java-7-openjdk-amd64/jre/lib/amd64/libjava.so
7efddb769000-7efddb76a000 r--p 0002b000 08:03 9576441                    /usr/lib/jvm/java-7-openjdk-amd64/jre/lib/amd64/libjava.so
7efddb76a000-7efddb76c000 rw-p 0002c000 08:03 9576441                    /usr/lib/jvm/java-7-openjdk-amd64/jre/lib/amd64/libjava.so
7efddb76c000-7efddb77c000 r-xp 00000000 08:03 9576455                    /usr/lib/jvm/java-7-openjdk-amd64/jre/lib/amd64/libverify.so
7efddb77c000-7efddb97b000 ---p 00010000 08:03 9576455                    /usr/lib/jvm/java-7-openjdk-amd64/jre/lib/amd64/libverify.so
7efddb97b000-7efddb97d000 r--p 0000f000 08:03 9576455                    /usr/lib/jvm/java-7-openjdk-amd64/jre/lib/amd64/libverify.so
7efddb97d000-7efddb97e000 rw-p 00011000 08:03 9576455                    /usr/lib/jvm/java-7-openjdk-amd64/jre/lib/amd64/libverify.so
7efddb97e000-7efddb985000 r-xp 00000000 08:03 13373671                   /lib/x86_64-linux-gnu/librt-2.19.so
7efddb985000-7efddbb84000 ---p 00007000 08:03 13373671                   /lib/x86_64-linux-gnu/librt-2.19.so
7efddbb84000-7efddbb85000 r--p 00006000 08:03 13373671                   /lib/x86_64-linux-gnu/librt-2.19.so
7efddbb85000-7efddbb86000 rw-p 00007000 08:03 13373671                   /lib/x86_64-linux-gnu/librt-2.19.so
7efddbb86000-7efddbb9c000 r-xp 00000000 08:03 13373570                   /lib/x86_64-linux-gnu/libgcc_s.so.1
7efddbb9c000-7efddbd9b000 ---p 00016000 08:03 13373570                   /lib/x86_64-linux-gnu/libgcc_s.so.1
7efddbd9b000-7efddbd9c000 rw-p 00015000 08:03 13373570                   /lib/x86_64-linux-gnu/libgcc_s.so.1
7efddbd9c000-7efddbea1000 r-xp 00000000 08:03 13373593                   /lib/x86_64-linux-gnu/libm-2.19.so
7efddbea1000-7efddc0a0000 ---p 00105000 08:03 13373593                   /lib/x86_64-linux-gnu/libm-2.19.so
7efddc0a0000-7efddc0a1000 r--p 00104000 08:03 13373593                   /lib/x86_64-linux-gnu/libm-2.19.so
7efddc0a1000-7efddc0a2000 rw-p 00105000 08:03 13373593                   /lib/x86_64-linux-gnu/libm-2.19.so
7efddc0a2000-7efddc188000 r-xp 00000000 08:03 6169124                    /usr/lib/x86_64-linux-gnu/libstdc++.so.6.0.19
7efddc188000-7efddc387000 ---p 000e6000 08:03 6169124                    /usr/lib/x86_64-linux-gnu/libstdc++.so.6.0.19
7efddc387000-7efddc38f000 r--p 000e5000 08:03 6169124                    /usr/lib/x86_64-linux-gnu/libstdc++.so.6.0.19
7efddc38f000-7efddc391000 rw-p 000ed000 08:03 6169124                    /usr/lib/x86_64-linux-gnu/libstdc++.so.6.0.19
7efddc391000-7efddc3a6000 rw-p 00000000 00:00 0 
7efddc3a6000-7efddceca000 r-xp 00000000 08:03 9576447                    /usr/lib/jvm/java-7-openjdk-amd64/jre/lib/amd64/server/libjvm.so
7efddceca000-7efddd0c9000 ---p 00b24000 08:03 9576447                    /usr/lib/jvm/java-7-openjdk-amd64/jre/lib/amd64/server/libjvm.so
7efddd0c9000-7efddd163000 r--p 00b23000 08:03 9576447                    /usr/lib/jvm/java-7-openjdk-amd64/jre/lib/amd64/server/libjvm.so
7efddd163000-7efddd186000 rw-p 00bbd000 08:03 9576447                    /usr/lib/jvm/java-7-openjdk-amd64/jre/lib/amd64/server/libjvm.so
7efddd186000-7efddd1b4000 rw-p 00000000 00:00 0 
7efddd1b4000-7efddd1cc000 r-xp 00000000 08:03 13373706                   /lib/x86_64-linux-gnu/libz.so.1.2.8
7efddd1cc000-7efddd3cb000 ---p 00018000 08:03 13373706                   /lib/x86_64-linux-gnu/libz.so.1.2.8
7efddd3cb000-7efddd3cc000 r--p 00017000 08:03 13373706                   /lib/x86_64-linux-gnu/libz.so.1.2.8
7efddd3cc000-7efddd3cd000 rw-p 00018000 08:03 13373706                   /lib/x86_64-linux-gnu/libz.so.1.2.8
7efddd3cd000-7efddd3e6000 r-xp 00000000 08:03 13373663                   /lib/x86_64-linux-gnu/libpthread-2.19.so
7efddd3e6000-7efddd5e5000 ---p 00019000 08:03 13373663                   /lib/x86_64-linux-gnu/libpthread-2.19.so
7efddd5e5000-7efddd5e6000 r--p 00018000 08:03 13373663                   /lib/x86_64-linux-gnu/libpthread-2.19.so
7efddd5e6000-7efddd5e7000 rw-p 00019000 08:03 13373663                   /lib/x86_64-linux-gnu/libpthread-2.19.so
7efddd5e7000-7efddd5eb000 rw-p 00000000 00:00 0 
7efddd5eb000-7efddd5ee000 r-xp 00000000 08:03 13373560                   /lib/x86_64-linux-gnu/libdl-2.19.so
7efddd5ee000-7efddd7ed000 ---p 00003000 08:03 13373560                   /lib/x86_64-linux-gnu/libdl-2.19.so
7efddd7ed000-7efddd7ee000 r--p 00002000 08:03 13373560                   /lib/x86_64-linux-gnu/libdl-2.19.so
7efddd7ee000-7efddd7ef000 rw-p 00003000 08:03 13373560                   /lib/x86_64-linux-gnu/libdl-2.19.so
7efddd7ef000-7efddd9aa000 r-xp 00000000 08:03 13373543                   /lib/x86_64-linux-gnu/libc-2.19.so
7efddd9aa000-7efdddba9000 ---p 001bb000 08:03 13373543                   /lib/x86_64-linux-gnu/libc-2.19.so
7efdddba9000-7efdddbad000 r--p 001ba000 08:03 13373543                   /lib/x86_64-linux-gnu/libc-2.19.so
7efdddbad000-7efdddbaf000 rw-p 001be000 08:03 13373543                   /lib/x86_64-linux-gnu/libc-2.19.so
7efdddbaf000-7efdddbb4000 rw-p 00000000 00:00 0 
7efdddbb4000-7efdddbc1000 r-xp 00000000 08:03 9576456                    /usr/lib/jvm/java-7-openjdk-amd64/jre/lib/amd64/jli/libjli.so
7efdddbc1000-7efddddc0000 ---p 0000d000 08:03 9576456                    /usr/lib/jvm/java-7-openjdk-amd64/jre/lib/amd64/jli/libjli.so
7efddddc0000-7efddddc1000 r--p 0000c000 08:03 9576456                    /usr/lib/jvm/java-7-openjdk-amd64/jre/lib/amd64/jli/libjli.so
7efddddc1000-7efddddc2000 rw-p 0000d000 08:03 9576456                    /usr/lib/jvm/java-7-openjdk-amd64/jre/lib/amd64/jli/libjli.so
7efddddc2000-7efdddde5000 r-xp 00000000 08:03 13373519                   /lib/x86_64-linux-gnu/ld-2.19.so
7efdddde5000-7efddde08000 rw-p 00000000 00:00 0 
7efddde08000-7efdddebe000 rw-p 00000000 00:00 0 
7efdddebe000-7efdddec1000 ---p 00000000 00:00 0 
7efdddec1000-7efdddfc4000 rw-p 00000000 00:00 0                          [stack:8137]
7efdddfc4000-7efdddfc7000 r--s 0000f000 08:03 9576417                    /usr/lib/jvm/java-7-openjdk-amd64/jre/lib/ext/icedtea-sound.jar
7efdddfc7000-7efdddfc9000 r--s 00006000 08:03 6560488                    /usr/share/java/java-atk-wrapper.jar
7efdddfc9000-7efdddfcb000 r--s 00012000 08:03 9576415                    /usr/lib/jvm/java-7-openjdk-amd64/jre/lib/ext/zipfs.jar
7efdddfcb000-7efdddfcf000 r--s 0003c000 08:03 9576419                    /usr/lib/jvm/java-7-openjdk-amd64/jre/lib/ext/sunpkcs11.jar
7efdddfcf000-7efdddfd3000 r--s 00085000 08:03 9576416                    /usr/lib/jvm/java-7-openjdk-amd64/jre/lib/ext/localedata.jar
7efdddfd3000-7efdddfd4000 r--s 00002000 08:03 9576420                    /usr/lib/jvm/java-7-openjdk-amd64/jre/lib/ext/dnsns.jar
7efdddfd4000-7efdddfd8000 r--s 00034000 08:03 9576418                    /usr/lib/jvm/java-7-openjdk-amd64/jre/lib/ext/sunjce_provider.jar
7efdddfd8000-7efdddfe0000 rw-s 00000000 08:03 3016090                    /tmp/hsperfdata_vineet/8114
7efdddfe0000-7efdddfe1000 rw-p 00000000 00:00 0 
7efdddfe1000-7efdddfe2000 ---p 00000000 00:00 0 
7efdddfe2000-7efdddfe4000 rw-p 00000000 00:00 0 
7efdddfe4000-7efdddfe5000 r--p 00022000 08:03 13373519                   /lib/x86_64-linux-gnu/ld-2.19.so
7efdddfe5000-7efdddfe6000 rw-p 00023000 08:03 13373519                   /lib/x86_64-linux-gnu/ld-2.19.so
7efdddfe6000-7efdddfe7000 rw-p 00000000 00:00 0 
7ffe2b8e3000-7ffe2b904000 rw-p 00000000 00:00 0                          [stack]
7ffe2b922000-7ffe2b924000 r--p 00000000 00:00 0                          [vvar]
7ffe2b924000-7ffe2b926000 r-xp 00000000 00:00 0                          [vdso]
ffffffffff600000-ffffffffff601000 r-xp 00000000 00:00 0                  [vsyscall]

VM Arguments:
jvm_args: -Xmx1024M -Dfile.encoding=UTF-8 -Duser.country=US -Duser.language=en -Duser.variant 
java_command: com.android.dx.command.Main --dex --num-threads=4 --output /home/vineet/Documents/CEN/IC3/gatorEvents/app/build/intermediates/pre-dexed/debug/internal_impl-23.1.1-68a76b4ebcc1155df0413f2771d26cbef7c39e40.jar /home/vineet/Documents/CEN/IC3/gatorEvents/app/build/intermediates/exploded-aar/com.android.support/support-v4/23.1.1/jars/libs/internal_impl-23.1.1.jar
Launcher Type: SUN_STANDARD

Environment Variables:
JAVA_HOME=/usr/lib/jvm/java-8-oracle
PATH=/usr/local/sbin:/usr/local/bin:/usr/sbin:/usr/bin:/sbin:/bin:/usr/games:/usr/local/games
LD_LIBRARY_PATH=/home/vineet/development/android-studio/bin:
SHELL=/bin/bash
DISPLAY=:0

Signal Handlers:
SIGSEGV: [libjvm.so+0x954820], sa_mask[0]=0x7ffbfeff, sa_flags=0x10000004
SIGBUS: [libjvm.so+0x954820], sa_mask[0]=0x7ffbfeff, sa_flags=0x10000004
SIGFPE: [libjvm.so+0x7cb150], sa_mask[0]=0x7ffbfeff, sa_flags=0x10000004
SIGPIPE: [libjvm.so+0x7cb150], sa_mask[0]=0x7ffbfeff, sa_flags=0x10000004
SIGXFSZ: [libjvm.so+0x7cb150], sa_mask[0]=0x7ffbfeff, sa_flags=0x10000004
SIGILL: [libjvm.so+0x7cb150], sa_mask[0]=0x7ffbfeff, sa_flags=0x10000004
SIGUSR1: SIG_DFL, sa_mask[0]=0x00000000, sa_flags=0x00000000
SIGUSR2: [libjvm.so+0x7caff0], sa_mask[0]=0x00000004, sa_flags=0x10000004
SIGHUP: [libjvm.so+0x7cb1d0], sa_mask[0]=0x7ffbfeff, sa_flags=0x10000004
SIGINT: [libjvm.so+0x7cb1d0], sa_mask[0]=0x7ffbfeff, sa_flags=0x10000004
SIGTERM: [libjvm.so+0x7cb1d0], sa_mask[0]=0x7ffbfeff, sa_flags=0x10000004
SIGQUIT: [libjvm.so+0x7cb1d0], sa_mask[0]=0x7ffbfeff, sa_flags=0x10000004
SIGTRAP: SIG_DFL, sa_mask[0]=0x00000000, sa_flags=0x00000000


---------------  S Y S T E M  ---------------

OS:Ubuntu 14.04 (trusty)
uname:Linux 3.19.0-33-generic #38~14.04.1-Ubuntu SMP Fri Nov 6 18:17:28 UTC 2015 x86_64
libc:glibc 2.19 NPTL 2.19 
rlimit: STACK 8192k, CORE 0k, NPROC 15499, NOFILE 4096, AS infinity
load average:35.29 11.72 4.95

/proc/meminfo:
MemTotal:        3989144 kB
MemFree:          227984 kB
MemAvailable:     191428 kB
Buffers:            2336 kB
Cached:           483492 kB
SwapCached:            0 kB
Active:          3170172 kB
Inactive:         412744 kB
Active(anon):    3151652 kB
Inactive(anon):   368716 kB
Active(file):      18520 kB
Inactive(file):    44028 kB
Unevictable:          80 kB
Mlocked:              80 kB
SwapTotal:             0 kB
SwapFree:              0 kB
Dirty:              8776 kB
Writeback:             0 kB
AnonPages:       3097144 kB
Mapped:           215528 kB
Shmem:            423324 kB
Slab:              68716 kB
SReclaimable:      33280 kB
SUnreclaim:        35436 kB
KernelStack:       12368 kB
PageTables:        45012 kB
NFS_Unstable:          0 kB
Bounce:                0 kB
WritebackTmp:          0 kB
CommitLimit:     1994572 kB
Committed_AS:    8379408 kB
VmallocTotal:   34359738367 kB
VmallocUsed:      359916 kB
VmallocChunk:   34359369180 kB
HardwareCorrupted:     0 kB
AnonHugePages:   1386496 kB
CmaTotal:              0 kB
CmaFree:               0 kB
HugePages_Total:       0
HugePages_Free:        0
HugePages_Rsvd:        0
HugePages_Surp:        0
Hugepagesize:       2048 kB
DirectMap4k:      149760 kB
DirectMap2M:     3987456 kB


CPU:total 4 (2 cores per cpu, 2 threads per core) family 6 model 42 stepping 7, cmov, cx8, fxsr, mmx, sse, sse2, sse3, ssse3, sse4.1, sse4.2, popcnt, avx, ht, tsc, tscinvbit

/proc/cpuinfo:
processor	: 0
vendor_id	: GenuineIntel
cpu family	: 6
model		: 42
model name	: Intel(R) Core(TM) i3-2350M CPU @ 2.30GHz
stepping	: 7
microcode	: 0x25
cpu MHz		: 2299.910
cache size	: 3072 KB
physical id	: 0
siblings	: 4
core id		: 0
cpu cores	: 2
apicid		: 0
initial apicid	: 0
fpu		: yes
fpu_exception	: yes
cpuid level	: 13
wp		: yes
flags		: fpu vme de pse tsc msr pae mce cx8 apic sep mtrr pge mca cmov pat pse36 clflush dts acpi mmx fxsr sse sse2 ss ht tm pbe syscall nx rdtscp lm constant_tsc arch_perfmon pebs bts rep_good nopl xtopology nonstop_tsc aperfmperf eagerfpu pni pclmulqdq dtes64 monitor ds_cpl vmx est tm2 ssse3 cx16 xtpr pdcm pcid sse4_1 sse4_2 x2apic popcnt tsc_deadline_timer xsave avx lahf_lm arat epb pln pts dtherm tpr_shadow vnmi flexpriority ept vpid xsaveopt
bugs		:
bogomips	: 4589.85
clflush size	: 64
cache_alignment	: 64
address sizes	: 36 bits physical, 48 bits virtual
power management:

processor	: 1
vendor_id	: GenuineIntel
cpu family	: 6
model		: 42
model name	: Intel(R) Core(TM) i3-2350M CPU @ 2.30GHz
stepping	: 7
microcode	: 0x25
cpu MHz		: 2299.910
cache size	: 3072 KB
physical id	: 0
siblings	: 4
core id		: 0
cpu cores	: 2
apicid		: 1
initial apicid	: 1
fpu		: yes
fpu_exception	: yes
cpuid level	: 13
wp		: yes
flags		: fpu vme de pse tsc msr pae mce cx8 apic sep mtrr pge mca cmov pat pse36 clflush dts acpi mmx fxsr sse sse2 ss ht tm pbe syscall nx rdtscp lm constant_tsc arch_perfmon pebs bts rep_good nopl xtopology nonstop_tsc aperfmperf eagerfpu pni pclmulqdq dtes64 monitor ds_cpl vmx est tm2 ssse3 cx16 xtpr pdcm pcid sse4_1 sse4_2 x2apic popcnt tsc_deadline_timer xsave avx lahf_lm arat epb pln pts dtherm tpr_shadow vnmi flexpriority ept vpid xsaveopt
bugs		:
bogomips	: 4589.85
clflush size	: 64
cache_alignment	: 64
address sizes	: 36 bits physical, 48 bits virtual
power management:

processor	: 2
vendor_id	: GenuineIntel
cpu family	: 6
model		: 42
model name	: Intel(R) Core(TM) i3-2350M CPU @ 2.30GHz
stepping	: 7
microcode	: 0x25
cpu MHz		: 2300.000
cache size	: 3072 KB
physical id	: 0
siblings	: 4
core id		: 1
cpu cores	: 2
apicid		: 2
initial apicid	: 2
fpu		: yes
fpu_exception	: yes
cpuid level	: 13
wp		: yes
flags		: fpu vme de pse tsc msr pae mce cx8 apic sep mtrr pge mca cmov pat pse36 clflush dts acpi mmx fxsr sse sse2 ss ht tm pbe syscall nx rdtscp lm constant_tsc arch_perfmon pebs bts rep_good nopl xtopology nonstop_tsc aperfmperf eagerfpu pni pclmulqdq dtes64 monitor ds_cpl vmx est tm2 ssse3 cx16 xtpr pdcm pcid sse4_1 sse4_2 x2apic popcnt tsc_deadline_timer xsave avx lahf_lm arat epb pln pts dtherm tpr_shadow vnmi flexpriority ept vpid xsaveopt
bugs		:
bogomips	: 4589.85
clflush size	: 64
cache_alignment	: 64
address sizes	: 36 bits physical, 48 bits virtual
power management:

processor	: 3
vendor_id	: GenuineIntel
cpu family	: 6
model		: 42
model name	: Intel(R) Core(TM) i3-2350M CPU @ 2.30GHz
stepping	: 7
microcode	: 0x25
cpu MHz		: 2299.910
cache size	: 3072 KB
physical id	: 0
siblings	: 4
core id		: 1
cpu cores	: 2
apicid		: 3
initial apicid	: 3
fpu		: yes
fpu_exception	: yes
cpuid level	: 13
wp		: yes
flags		: fpu vme de pse tsc msr pae mce cx8 apic sep mtrr pge mca cmov pat pse36 clflush dts acpi mmx fxsr sse sse2 ss ht tm pbe syscall nx rdtscp lm constant_tsc arch_perfmon pebs bts rep_good nopl xtopology nonstop_tsc aperfmperf eagerfpu pni pclmulqdq dtes64 monitor ds_cpl vmx est tm2 ssse3 cx16 xtpr pdcm pcid sse4_1 sse4_2 x2apic popcnt tsc_deadline_timer xsave avx lahf_lm arat epb pln pts dtherm tpr_shadow vnmi flexpriority ept vpid xsaveopt
bugs		:
bogomips	: 4589.85
clflush size	: 64
cache_alignment	: 64
address sizes	: 36 bits physical, 48 bits virtual
power management:



Memory: 4k page, physical 3989144k(227984k free), swap 0k(0k free)

vm_info: OpenJDK 64-Bit Server VM (24.85-b03) for linux-amd64 JRE (1.7.0_85-b01), built on Oct 22 2015 06:46:50 by "buildd" with gcc 4.8.2

time: Sun Nov 15 23:10:37 2015
elapsed time: 75 seconds

