#
# There is insufficient memory for the Java Runtime Environment to continue.
# Native memory allocation (malloc) failed to allocate 67108864 bytes for committing reserved memory.
# Possible reasons:
#   The system is out of physical RAM or swap space
#   In 32 bit mode, the process size limit was hit
# Possible solutions:
#   Reduce memory load on the system
#   Increase physical memory or swap space
#   Check if swap backing store is full
#   Use 64 bit Java on a 64 bit OS
#   Decrease Java heap size (-Xmx/-Xms)
#   Decrease number of Java threads
#   Decrease Java thread stack sizes (-Xss)
#   Set larger code cache with -XX:ReservedCodeCacheSize=
# This output file may be truncated or incomplete.
#
#  Out of Memory Error (os_linux.cpp:2827), pid=8445, tid=139824615823104
#
# JRE version: OpenJDK Runtime Environment (7.0_85-b01) (build 1.7.0_85-b01)
# Java VM: OpenJDK 64-Bit Server VM (24.85-b03 mixed mode linux-amd64 compressed oops)
# Derivative: IcedTea 2.6.1
# Distribution: Ubuntu 14.04 LTS, package 7u85-2.6.1-5ubuntu0.14.04.1
# Failed to write core dump. Core dumps have been disabled. To enable core dumping, try "ulimit -c unlimited" before starting Java again
#

---------------  T H R E A D  ---------------

Current thread (0x00007f2b80076000):  VMThread [stack: 0x00007f2b747e9000,0x00007f2b748ea000] [id=8454]

Stack: [0x00007f2b747e9000,0x00007f2b748ea000],  sp=0x00007f2b748e8490,  free space=1021k
Native frames: (J=compiled Java code, j=interpreted, Vv=VM code, C=native code)
V  [libjvm.so+0x953d45]  VMError::report_and_die()+0x175
V  [libjvm.so+0x48fd24]  report_vm_out_of_memory(char const*, int, unsigned long, char const*)+0x74
V  [libjvm.so+0x7cf91b]  os::pd_commit_memory(char*, unsigned long, unsigned long, bool)+0xeb
V  [libjvm.so+0x7ca3df]  os::commit_memory(char*, unsigned long, unsigned long, bool)+0x1f
V  [libjvm.so+0x83db6b]  PSVirtualSpace::expand_by(unsigned long)+0x5b
V  [libjvm.so+0x83e9d0]  PSYoungGen::resize_generation(unsigned long, unsigned long)+0xb0
V  [libjvm.so+0x83f0bb]  PSYoungGen::resize(unsigned long, unsigned long)+0x1b
V  [libjvm.so+0x83b2f8]  PSScavenge::invoke_no_policy()+0xd68
V  [libjvm.so+0x83bb68]  PSScavenge::invoke()+0x38
V  [libjvm.so+0x7f2123]  ParallelScavengeHeap::failed_mem_allocate(unsigned long)+0x63
V  [libjvm.so+0x955744]  VM_ParallelGCFailedAllocation::doit()+0x84
V  [libjvm.so+0x959847]  VM_Operation::evaluate()+0x47
V  [libjvm.so+0x958308]  VMThread::evaluate_operation(VM_Operation*)+0x318
V  [libjvm.so+0x958769]  VMThread::loop()+0x219
V  [libjvm.so+0x958bb2]  VMThread::run()+0x72
V  [libjvm.so+0x7cc7e2]  java_start(Thread*)+0xf2

VM_Operation (0x00007f2b86fe72b0): ParallelGCFailedAllocation, mode: safepoint, requested by thread 0x00007f2b8000b000


---------------  P R O C E S S  ---------------

Java Threads: ( => current thread )
  0x00007f2b800af800 JavaThread "Service Thread" daemon [_thread_blocked, id=8460, stack(0x00007f2b741e3000,0x00007f2b742e4000)]
  0x00007f2b800ad000 JavaThread "C2 CompilerThread1" daemon [_thread_blocked, id=8459, stack(0x00007f2b742e4000,0x00007f2b743e5000)]
  0x00007f2b800aa000 JavaThread "C2 CompilerThread0" daemon [_thread_blocked, id=8458, stack(0x00007f2b743e5000,0x00007f2b744e6000)]
  0x00007f2b800a8000 JavaThread "Signal Dispatcher" daemon [_thread_blocked, id=8457, stack(0x00007f2b744e6000,0x00007f2b745e7000)]
  0x00007f2b8007c800 JavaThread "Finalizer" daemon [_thread_blocked, id=8456, stack(0x00007f2b745e7000,0x00007f2b746e8000)]
  0x00007f2b8007a800 JavaThread "Reference Handler" daemon [_thread_blocked, id=8455, stack(0x00007f2b746e8000,0x00007f2b747e9000)]
  0x00007f2b8000b000 JavaThread "main" [_thread_blocked, id=8449, stack(0x00007f2b86ee8000,0x00007f2b86fe9000)]

Other Threads:
=>0x00007f2b80076000 VMThread [stack: 0x00007f2b747e9000,0x00007f2b748ea000] [id=8454]
  0x00007f2b800ba000 WatcherThread [stack: 0x00007f2b740e2000,0x00007f2b741e3000] [id=8461]

VM state:at safepoint (normal execution)

VM Mutex/Monitor currently owned by a thread:  ([mutex/lock_event])
[0x00007f2b80007170] Threads_lock - owner thread: 0x00007f2b80076000
[0x00007f2b80007670] Heap_lock - owner thread: 0x00007f2b8000b000

Heap
 PSYoungGen      total 75264K, used 10880K [0x00000000eaa80000, 0x00000000eff80000, 0x0000000100000000)
  eden space 63488K, 0% used [0x00000000eaa80000,0x00000000eaa80000,0x00000000ee880000)
  from space 11776K, 92% used [0x00000000ee880000,0x00000000ef3200f0,0x00000000ef400000)
  to   space 11264K, 0% used [0x00000000ef480000,0x00000000ef480000,0x00000000eff80000)
 ParOldGen       total 41472K, used 23377K [0x00000000c0000000, 0x00000000c2880000, 0x00000000eaa80000)
  object space 41472K, 56% used [0x00000000c0000000,0x00000000c16d4498,0x00000000c2880000)
 PSPermGen       total 21504K, used 7381K [0x00000000b5a00000, 0x00000000b6f00000, 0x00000000c0000000)
  object space 21504K, 34% used [0x00000000b5a00000,0x00000000b61354a8,0x00000000b6f00000)

Card table byte_map: [0x00007f2b7c78b000,0x00007f2b7c9df000] byte_map_base: 0x00007f2b7c1de000

Polling page: 0x00007f2b8700b000

Code Cache  [0x00007f2b7c9df000, 0x00007f2b7cc4f000, 0x00007f2b7f9df000)
 total_blobs=958 nmethods=706 adapters=205 free_code_cache=47049Kb largest_free_block=48143552

Compilation events (10 events):
Event: 7.732 Thread 0x00007f2b800ad000 nmethod 716 0x00007f2b7cbde990 code [0x00007f2b7cbdeac0, 0x00007f2b7cbdeb38]
Event: 7.732 Thread 0x00007f2b800ad000  718             com.android.dex.EncodedValue::asByteInput (12 bytes)
Event: 7.733 Thread 0x00007f2b800aa000 nmethod 717 0x00007f2b7cbdfb50 code [0x00007f2b7cbdfca0, 0x00007f2b7cbdfd98]
Event: 7.733 Thread 0x00007f2b800ad000 nmethod 718 0x00007f2b7cbe46d0 code [0x00007f2b7cbe4820, 0x00007f2b7cbe48f8]
Event: 7.733 Thread 0x00007f2b800aa000  719             com.android.dex.util.ByteArrayByteInput::<init> (10 bytes)
Event: 7.734 Thread 0x00007f2b800aa000 nmethod 719 0x00007f2b7cbdf950 code [0x00007f2b7cbdfa80, 0x00007f2b7cbdfaf8]
Event: 7.739 Thread 0x00007f2b800ad000  720             java.util.TimSort::binarySort (223 bytes)
Event: 7.762 Thread 0x00007f2b800ad000 nmethod 720 0x00007f2b7cbea990 code [0x00007f2b7cbeab40, 0x00007f2b7cbeb578]
Event: 7.765 Thread 0x00007f2b800aa000  721             com.android.dx.io.instructions.ShortArrayCodeOutput::writeInt (16 bytes)
Event: 7.766 Thread 0x00007f2b800aa000 nmethod 721 0x00007f2b7cbdf610 code [0x00007f2b7cbdf760, 0x00007f2b7cbdf858]

GC Heap History (10 events):
Event: 3.613 GC heap after
Heap after GC invocations=2 (full 0):
 PSYoungGen      total 18432K, used 2532K [0x00000000eaa80000, 0x00000000ece80000, 0x0000000100000000)
  eden space 15872K, 0% used [0x00000000eaa80000,0x00000000eaa80000,0x00000000eba00000)
  from space 2560K, 98% used [0x00000000ebc80000,0x00000000ebef93a8,0x00000000ebf00000)
  to   space 2560K, 0% used [0x00000000eba00000,0x00000000eba00000,0x00000000ebc80000)
 ParOldGen       total 41472K, used 4505K [0x00000000c0000000, 0x00000000c2880000, 0x00000000eaa80000)
  object space 41472K, 10% used [0x00000000c0000000,0x00000000c04664e8,0x00000000c2880000)
 PSPermGen       total 21504K, used 5456K [0x00000000b5a00000, 0x00000000b6f00000, 0x00000000c0000000)
  object space 21504K, 25% used [0x00000000b5a00000,0x00000000b5f54170,0x00000000b6f00000)
}
Event: 4.788 GC heap before
{Heap before GC invocations=3 (full 0):
 PSYoungGen      total 18432K, used 18403K [0x00000000eaa80000, 0x00000000ece80000, 0x0000000100000000)
  eden space 15872K, 99% used [0x00000000eaa80000,0x00000000eb9ffab8,0x00000000eba00000)
  from space 2560K, 98% used [0x00000000ebc80000,0x00000000ebef93a8,0x00000000ebf00000)
  to   space 2560K, 0% used [0x00000000eba00000,0x00000000eba00000,0x00000000ebc80000)
 ParOldGen       total 41472K, used 4505K [0x00000000c0000000, 0x00000000c2880000, 0x00000000eaa80000)
  object space 41472K, 10% used [0x00000000c0000000,0x00000000c04664e8,0x00000000c2880000)
 PSPermGen       total 21504K, used 6115K [0x00000000b5a00000, 0x00000000b6f00000, 0x00000000c0000000)
  object space 21504K, 28% used [0x00000000b5a00000,0x00000000b5ff8fd8,0x00000000b6f00000)
Event: 4.815 GC heap after
Heap after GC invocations=3 (full 0):
 PSYoungGen      total 18432K, used 2534K [0x00000000eaa80000, 0x00000000ece80000, 0x0000000100000000)
  eden space 15872K, 0% used [0x00000000eaa80000,0x00000000eaa80000,0x00000000eba00000)
  from space 2560K, 99% used [0x00000000eba00000,0x00000000ebc79a38,0x00000000ebc80000)
  to   space 2560K, 0% used [0x00000000ecc00000,0x00000000ecc00000,0x00000000ece80000)
 ParOldGen       total 41472K, used 8298K [0x00000000c0000000, 0x00000000c2880000, 0x00000000eaa80000)
  object space 41472K, 20% used [0x00000000c0000000,0x00000000c081aa00,0x00000000c2880000)
 PSPermGen       total 21504K, used 6115K [0x00000000b5a00000, 0x00000000b6f00000, 0x00000000c0000000)
  object space 21504K, 28% used [0x00000000b5a00000,0x00000000b5ff8fd8,0x00000000b6f00000)
}
Event: 6.625 GC heap before
{Heap before GC invocations=4 (full 0):
 PSYoungGen      total 18432K, used 18406K [0x00000000eaa80000, 0x00000000ece80000, 0x0000000100000000)
  eden space 15872K, 100% used [0x00000000eaa80000,0x00000000eba00000,0x00000000eba00000)
  from space 2560K, 99% used [0x00000000eba00000,0x00000000ebc79a38,0x00000000ebc80000)
  to   space 2560K, 0% used [0x00000000ecc00000,0x00000000ecc00000,0x00000000ece80000)
 ParOldGen       total 41472K, used 8298K [0x00000000c0000000, 0x00000000c2880000, 0x00000000eaa80000)
  object space 41472K, 20% used [0x00000000c0000000,0x00000000c081aa00,0x00000000c2880000)
 PSPermGen       total 21504K, used 7302K [0x00000000b5a00000, 0x00000000b6f00000, 0x00000000c0000000)
  object space 21504K, 33% used [0x00000000b5a00000,0x00000000b6121ba0,0x00000000b6f00000)
Event: 6.663 GC heap after
Heap after GC invocations=4 (full 0):
 PSYoungGen      total 34304K, used 2553K [0x00000000eaa80000, 0x00000000ece80000, 0x0000000100000000)
  eden space 31744K, 0% used [0x00000000eaa80000,0x00000000eaa80000,0x00000000ec980000)
  from space 2560K, 99% used [0x00000000ecc00000,0x00000000ece7e658,0x00000000ece80000)
  to   space 2560K, 0% used [0x00000000ec980000,0x00000000ec980000,0x00000000ecc00000)
 ParOldGen       total 41472K, used 10556K [0x00000000c0000000, 0x00000000c2880000, 0x00000000eaa80000)
  object space 41472K, 25% used [0x00000000c0000000,0x00000000c0a4f038,0x00000000c2880000)
 PSPermGen       total 21504K, used 7302K [0x00000000b5a00000, 0x00000000b6f00000, 0x00000000c0000000)
  object space 21504K, 33% used [0x00000000b5a00000,0x00000000b6121ba0,0x00000000b6f00000)
}
Event: 7.067 GC heap before
{Heap before GC invocations=5 (full 0):
 PSYoungGen      total 34304K, used 34297K [0x00000000eaa80000, 0x00000000ece80000, 0x0000000100000000)
  eden space 31744K, 100% used [0x00000000eaa80000,0x00000000ec980000,0x00000000ec980000)
  from space 2560K, 99% used [0x00000000ecc00000,0x00000000ece7e658,0x00000000ece80000)
  to   space 2560K, 0% used [0x00000000ec980000,0x00000000ec980000,0x00000000ecc00000)
 ParOldGen       total 41472K, used 10556K [0x00000000c0000000, 0x00000000c2880000, 0x00000000eaa80000)
  object space 41472K, 25% used [0x00000000c0000000,0x00000000c0a4f038,0x00000000c2880000)
 PSPermGen       total 21504K, used 7346K [0x00000000b5a00000, 0x00000000b6f00000, 0x00000000c0000000)
  object space 21504K, 34% used [0x00000000b5a00000,0x00000000b612ca78,0x00000000b6f00000)
Event: 7.102 GC heap after
Heap after GC invocations=5 (full 0):
 PSYoungGen      total 34304K, used 2532K [0x00000000eaa80000, 0x00000000f0080000, 0x0000000100000000)
  eden space 31744K, 0% used [0x00000000eaa80000,0x00000000eaa80000,0x00000000ec980000)
  from space 2560K, 98% used [0x00000000ec980000,0x00000000ecbf93c8,0x00000000ecc00000)
  to   space 12288K, 0% used [0x00000000ef480000,0x00000000ef480000,0x00000000f0080000)
 ParOldGen       total 41472K, used 21715K [0x00000000c0000000, 0x00000000c2880000, 0x00000000eaa80000)
  object space 41472K, 52% used [0x00000000c0000000,0x00000000c1534d20,0x00000000c2880000)
 PSPermGen       total 21504K, used 7346K [0x00000000b5a00000, 0x00000000b6f00000, 0x00000000c0000000)
  object space 21504K, 34% used [0x00000000b5a00000,0x00000000b612ca78,0x00000000b6f00000)
}
Event: 7.325 GC heap before
{Heap before GC invocations=6 (full 0):
 PSYoungGen      total 34304K, used 34276K [0x00000000eaa80000, 0x00000000f0080000, 0x0000000100000000)
  eden space 31744K, 100% used [0x00000000eaa80000,0x00000000ec980000,0x00000000ec980000)
  from space 2560K, 98% used [0x00000000ec980000,0x00000000ecbf93c8,0x00000000ecc00000)
  to   space 12288K, 0% used [0x00000000ef480000,0x00000000ef480000,0x00000000f0080000)
 ParOldGen       total 41472K, used 21715K [0x00000000c0000000, 0x00000000c2880000, 0x00000000eaa80000)
  object space 41472K, 52% used [0x00000000c0000000,0x00000000c1534d20,0x00000000c2880000)
 PSPermGen       total 21504K, used 7370K [0x00000000b5a00000, 0x00000000b6f00000, 0x00000000c0000000)
  object space 21504K, 34% used [0x00000000b5a00000,0x00000000b6132b08,0x00000000b6f00000)
Event: 7.352 GC heap after
Heap after GC invocations=6 (full 0):
 PSYoungGen      total 74752K, used 6459K [0x00000000eaa80000, 0x00000000eff80000, 0x0000000100000000)
  eden space 63488K, 0% used [0x00000000eaa80000,0x00000000eaa80000,0x00000000ee880000)
  from space 11264K, 57% used [0x00000000ef480000,0x00000000efacee20,0x00000000eff80000)
  to   space 11776K, 0% used [0x00000000ee880000,0x00000000ee880000,0x00000000ef400000)
 ParOldGen       total 41472K, used 21715K [0x00000000c0000000, 0x00000000c2880000, 0x00000000eaa80000)
  object space 41472K, 52% used [0x00000000c0000000,0x00000000c1534d20,0x00000000c2880000)
 PSPermGen       total 21504K, used 7370K [0x00000000b5a00000, 0x00000000b6f00000, 0x00000000c0000000)
  object space 21504K, 34% used [0x00000000b5a00000,0x00000000b6132b08,0x00000000b6f00000)
}
Event: 8.625 GC heap before
{Heap before GC invocations=7 (full 0):
 PSYoungGen      total 74752K, used 69947K [0x00000000eaa80000, 0x00000000eff80000, 0x0000000100000000)
  eden space 63488K, 100% used [0x00000000eaa80000,0x00000000ee880000,0x00000000ee880000)
  from space 11264K, 57% used [0x00000000ef480000,0x00000000efacee20,0x00000000eff80000)
  to   space 11776K, 0% used [0x00000000ee880000,0x00000000ee880000,0x00000000ef400000)
 ParOldGen       total 41472K, used 21715K [0x00000000c0000000, 0x00000000c2880000, 0x00000000eaa80000)
  object space 41472K, 52% used [0x00000000c0000000,0x00000000c1534d20,0x00000000c2880000)
 PSPermGen       total 21504K, used 7381K [0x00000000b5a00000, 0x00000000b6f00000, 0x00000000c0000000)
  object space 21504K, 34% used [0x00000000b5a00000,0x00000000b61354a8,0x00000000b6f00000)

Deoptimization events (10 events):
Event: 6.418 Thread 0x00007f2b8000b000 Uncommon trap: reason=predicate action=maybe_recompile pc=0x00007f2b7cb71b50 method=com.android.dex.Leb128.readUnsignedLeb128(Lcom/android/dex/util/ByteInput;)I @ 41
Event: 7.227 Thread 0x00007f2b8000b000 Uncommon trap: reason=predicate action=maybe_recompile pc=0x00007f2b7cba9ad4 method=java.util.ComparableTimSort.binarySort([Ljava/lang/Object;III)V @ 37
Event: 7.286 Thread 0x00007f2b8000b000 Uncommon trap: reason=predicate action=maybe_recompile pc=0x00007f2b7ca57a10 method=java.util.TimSort.binarySort([Ljava/lang/Object;IIILjava/util/Comparator;)V @ 37
Event: 7.424 Thread 0x00007f2b8000b000 Uncommon trap: reason=array_check action=maybe_recompile pc=0x00007f2b7cbcf214 method=java.util.ComparableTimSort.binarySort([Ljava/lang/Object;III)V @ 193
Event: 7.474 Thread 0x00007f2b8000b000 Uncommon trap: reason=array_check action=maybe_recompile pc=0x00007f2b7cbd4dfc method=java.util.TimSort.binarySort([Ljava/lang/Object;IIILjava/util/Comparator;)V @ 193
Event: 7.474 Thread 0x00007f2b8000b000 Uncommon trap: reason=array_check action=maybe_recompile pc=0x00007f2b7cbd4dfc method=java.util.TimSort.binarySort([Ljava/lang/Object;IIILjava/util/Comparator;)V @ 193
Event: 7.474 Thread 0x00007f2b8000b000 Uncommon trap: reason=array_check action=maybe_recompile pc=0x00007f2b7cbd4dfc method=java.util.TimSort.binarySort([Ljava/lang/Object;IIILjava/util/Comparator;)V @ 193
Event: 7.474 Thread 0x00007f2b8000b000 Uncommon trap: reason=array_check action=maybe_recompile pc=0x00007f2b7cbd4dfc method=java.util.TimSort.binarySort([Ljava/lang/Object;IIILjava/util/Comparator;)V @ 193
Event: 7.739 Thread 0x00007f2b8000b000 Uncommon trap: reason=array_check action=maybe_recompile pc=0x00007f2b7cbe29ac method=java.util.TimSort.binarySort([Ljava/lang/Object;IIILjava/util/Comparator;)V @ 215
Event: 7.739 Thread 0x00007f2b8000b000 Uncommon trap: reason=array_check action=maybe_recompile pc=0x00007f2b7cbe29ac method=java.util.TimSort.binarySort([Ljava/lang/Object;IIILjava/util/Comparator;)V @ 215

Internal exceptions (10 events):
Event: 5.635 Thread 0x00007f2b8000b000 Threw 0x00000000eae7f798 at /build/openjdk-7-65SuYz/openjdk-7-7u85-2.6.1/build/openjdk/hotspot/src/share/vm/prims/jvm.cpp:1322
Event: 5.635 Thread 0x00007f2b8000b000 Threw 0x00000000eae83418 at /build/openjdk-7-65SuYz/openjdk-7-7u85-2.6.1/build/openjdk/hotspot/src/share/vm/prims/jvm.cpp:1322
Event: 5.636 Thread 0x00007f2b8000b000 Threw 0x00000000eae871e8 at /build/openjdk-7-65SuYz/openjdk-7-7u85-2.6.1/build/openjdk/hotspot/src/share/vm/prims/jvm.cpp:1322
Event: 5.638 Thread 0x00007f2b8000b000 Threw 0x00000000eae8d1b8 at /build/openjdk-7-65SuYz/openjdk-7-7u85-2.6.1/build/openjdk/hotspot/src/share/vm/prims/jvm.cpp:1322
Event: 5.639 Thread 0x00007f2b8000b000 Threw 0x00000000eae90cc0 at /build/openjdk-7-65SuYz/openjdk-7-7u85-2.6.1/build/openjdk/hotspot/src/share/vm/prims/jvm.cpp:1322
Event: 5.640 Thread 0x00007f2b8000b000 Threw 0x00000000eae949c0 at /build/openjdk-7-65SuYz/openjdk-7-7u85-2.6.1/build/openjdk/hotspot/src/share/vm/prims/jvm.cpp:1322
Event: 5.640 Thread 0x00007f2b8000b000 Threw 0x00000000eae98410 at /build/openjdk-7-65SuYz/openjdk-7-7u85-2.6.1/build/openjdk/hotspot/src/share/vm/prims/jvm.cpp:1322
Event: 5.645 Thread 0x00007f2b8000b000 Threw 0x00000000eae9fee8 at /build/openjdk-7-65SuYz/openjdk-7-7u85-2.6.1/build/openjdk/hotspot/src/share/vm/prims/jvm.cpp:1322
Event: 5.645 Thread 0x00007f2b8000b000 Threw 0x00000000eaee2c68 at /build/openjdk-7-65SuYz/openjdk-7-7u85-2.6.1/build/openjdk/hotspot/src/share/vm/prims/jvm.cpp:1322
Event: 6.792 Thread 0x00007f2b8000b000 Threw 0x00000000eb1d9368 at /build/openjdk-7-65SuYz/openjdk-7-7u85-2.6.1/build/openjdk/hotspot/src/share/vm/prims/jvm.cpp:1322

Events (10 events):
Event: 7.474 Thread 0x00007f2b8000b000 Uncommon trap: trap_request=0xffffffd6 fr.pc=0x00007f2b7cbd4dfc
Event: 7.474 Thread 0x00007f2b8000b000 DEOPT PACKING pc=0x00007f2b7cbd4dfc sp=0x00007f2b86fe74a0
Event: 7.474 Thread 0x00007f2b8000b000 DEOPT UNPACKING pc=0x00007f2b7ca18445 sp=0x00007f2b86fe7468 mode 2
Event: 7.739 Thread 0x00007f2b8000b000 Uncommon trap: trap_request=0xffffffd6 fr.pc=0x00007f2b7cbe29ac
Event: 7.739 Thread 0x00007f2b8000b000 DEOPT PACKING pc=0x00007f2b7cbe29ac sp=0x00007f2b86fe7490
Event: 7.739 Thread 0x00007f2b8000b000 DEOPT UNPACKING pc=0x00007f2b7ca18445 sp=0x00007f2b86fe7468 mode 2
Event: 7.739 Thread 0x00007f2b8000b000 Uncommon trap: trap_request=0xffffffd6 fr.pc=0x00007f2b7cbe29ac
Event: 7.739 Thread 0x00007f2b8000b000 DEOPT PACKING pc=0x00007f2b7cbe29ac sp=0x00007f2b86fe7490
Event: 7.740 Thread 0x00007f2b8000b000 DEOPT UNPACKING pc=0x00007f2b7ca18445 sp=0x00007f2b86fe7468 mode 2
Event: 7.911 Executing VM operation: ParallelGCFailedAllocation


Dynamic libraries:
00400000-00401000 r-xp 00000000 08:03 9576404                            /usr/lib/jvm/java-7-openjdk-amd64/jre/bin/java
00600000-00601000 r--p 00000000 08:03 9576404                            /usr/lib/jvm/java-7-openjdk-amd64/jre/bin/java
00601000-00602000 rw-p 00001000 08:03 9576404                            /usr/lib/jvm/java-7-openjdk-amd64/jre/bin/java
00a73000-00a94000 rw-p 00000000 00:00 0                                  [heap]
b5a00000-b6f00000 rw-p 00000000 00:00 0 
b6f00000-c0000000 rw-p 00000000 00:00 0 
c0000000-c2880000 rw-p 00000000 00:00 0 
c2880000-eaa80000 rw-p 00000000 00:00 0 
eaa80000-eff80000 rw-p 00000000 00:00 0 
f3f80000-100000000 rw-p 00000000 00:00 0 
7f2b30000000-7f2b30021000 rw-p 00000000 00:00 0 
7f2b30021000-7f2b34000000 ---p 00000000 00:00 0 
7f2b34000000-7f2b34028000 rw-p 00000000 00:00 0 
7f2b34028000-7f2b38000000 ---p 00000000 00:00 0 
7f2b38000000-7f2b38021000 rw-p 00000000 00:00 0 
7f2b38021000-7f2b3c000000 ---p 00000000 00:00 0 
7f2b3c000000-7f2b3c021000 rw-p 00000000 00:00 0 
7f2b3c021000-7f2b40000000 ---p 00000000 00:00 0 
7f2b40000000-7f2b40021000 rw-p 00000000 00:00 0 
7f2b40021000-7f2b44000000 ---p 00000000 00:00 0 
7f2b44000000-7f2b44021000 rw-p 00000000 00:00 0 
7f2b44021000-7f2b48000000 ---p 00000000 00:00 0 
7f2b48000000-7f2b4928d000 rw-p 00000000 00:00 0 
7f2b4928d000-7f2b4c000000 ---p 00000000 00:00 0 
7f2b4c000000-7f2b4c021000 rw-p 00000000 00:00 0 
7f2b4c021000-7f2b50000000 ---p 00000000 00:00 0 
7f2b50000000-7f2b50021000 rw-p 00000000 00:00 0 
7f2b50021000-7f2b54000000 ---p 00000000 00:00 0 
7f2b54000000-7f2b555fa000 rw-p 00000000 00:00 0 
7f2b555fa000-7f2b58000000 ---p 00000000 00:00 0 
7f2b58000000-7f2b58021000 rw-p 00000000 00:00 0 
7f2b58021000-7f2b5c000000 ---p 00000000 00:00 0 
7f2b5c000000-7f2b5c021000 rw-p 00000000 00:00 0 
7f2b5c021000-7f2b60000000 ---p 00000000 00:00 0 
7f2b60000000-7f2b60021000 rw-p 00000000 00:00 0 
7f2b60021000-7f2b64000000 ---p 00000000 00:00 0 
7f2b64000000-7f2b64242000 rw-p 00000000 00:00 0 
7f2b64242000-7f2b68000000 ---p 00000000 00:00 0 
7f2b68000000-7f2b68021000 rw-p 00000000 00:00 0 
7f2b68021000-7f2b6c000000 ---p 00000000 00:00 0 
7f2b6dc9b000-7f2b6dcd8000 r-xp 00000000 08:03 13373646                   /lib/x86_64-linux-gnu/libpcre.so.3.13.1
7f2b6dcd8000-7f2b6ded7000 ---p 0003d000 08:03 13373646                   /lib/x86_64-linux-gnu/libpcre.so.3.13.1
7f2b6ded7000-7f2b6ded8000 r--p 0003c000 08:03 13373646                   /lib/x86_64-linux-gnu/libpcre.so.3.13.1
7f2b6ded8000-7f2b6ded9000 rw-p 0003d000 08:03 13373646                   /lib/x86_64-linux-gnu/libpcre.so.3.13.1
7f2b6ded9000-7f2b6dee0000 r-xp 00000000 08:03 6168502                    /usr/lib/x86_64-linux-gnu/libffi.so.6.0.1
7f2b6dee0000-7f2b6e0df000 ---p 00007000 08:03 6168502                    /usr/lib/x86_64-linux-gnu/libffi.so.6.0.1
7f2b6e0df000-7f2b6e0e0000 r--p 00006000 08:03 6168502                    /usr/lib/x86_64-linux-gnu/libffi.so.6.0.1
7f2b6e0e0000-7f2b6e0e1000 rw-p 00007000 08:03 6168502                    /usr/lib/x86_64-linux-gnu/libffi.so.6.0.1
7f2b6e0e1000-7f2b6e0f8000 r-xp 00000000 08:03 13373669                   /lib/x86_64-linux-gnu/libresolv-2.19.so
7f2b6e0f8000-7f2b6e2f8000 ---p 00017000 08:03 13373669                   /lib/x86_64-linux-gnu/libresolv-2.19.so
7f2b6e2f8000-7f2b6e2f9000 r--p 00017000 08:03 13373669                   /lib/x86_64-linux-gnu/libresolv-2.19.so
7f2b6e2f9000-7f2b6e2fa000 rw-p 00018000 08:03 13373669                   /lib/x86_64-linux-gnu/libresolv-2.19.so
7f2b6e2fa000-7f2b6e2fc000 rw-p 00000000 00:00 0 
7f2b6e2fc000-7f2b6e31c000 r-xp 00000000 08:03 13373673                   /lib/x86_64-linux-gnu/libselinux.so.1
7f2b6e31c000-7f2b6e51b000 ---p 00020000 08:03 13373673                   /lib/x86_64-linux-gnu/libselinux.so.1
7f2b6e51b000-7f2b6e51c000 r--p 0001f000 08:03 13373673                   /lib/x86_64-linux-gnu/libselinux.so.1
7f2b6e51c000-7f2b6e51d000 rw-p 00020000 08:03 13373673                   /lib/x86_64-linux-gnu/libselinux.so.1
7f2b6e51d000-7f2b6e51f000 rw-p 00000000 00:00 0 
7f2b6e51f000-7f2b6e522000 r-xp 00000000 08:03 6168615                    /usr/lib/x86_64-linux-gnu/libgmodule-2.0.so.0.4002.0
7f2b6e522000-7f2b6e721000 ---p 00003000 08:03 6168615                    /usr/lib/x86_64-linux-gnu/libgmodule-2.0.so.0.4002.0
7f2b6e721000-7f2b6e722000 r--p 00002000 08:03 6168615                    /usr/lib/x86_64-linux-gnu/libgmodule-2.0.so.0.4002.0
7f2b6e722000-7f2b6e723000 rw-p 00003000 08:03 6168615                    /usr/lib/x86_64-linux-gnu/libgmodule-2.0.so.0.4002.0
7f2b6e723000-7f2b6e829000 r-xp 00000000 08:03 13373574                   /lib/x86_64-linux-gnu/libglib-2.0.so.0.4002.0
7f2b6e829000-7f2b6ea28000 ---p 00106000 08:03 13373574                   /lib/x86_64-linux-gnu/libglib-2.0.so.0.4002.0
7f2b6ea28000-7f2b6ea29000 r--p 00105000 08:03 13373574                   /lib/x86_64-linux-gnu/libglib-2.0.so.0.4002.0
7f2b6ea29000-7f2b6ea2a000 rw-p 00106000 08:03 13373574                   /lib/x86_64-linux-gnu/libglib-2.0.so.0.4002.0
7f2b6ea2a000-7f2b6ea2b000 rw-p 00000000 00:00 0 
7f2b6ea2b000-7f2b6ea7a000 r-xp 00000000 08:03 6168631                    /usr/lib/x86_64-linux-gnu/libgobject-2.0.so.0.4002.0
7f2b6ea7a000-7f2b6ec7a000 ---p 0004f000 08:03 6168631                    /usr/lib/x86_64-linux-gnu/libgobject-2.0.so.0.4002.0
7f2b6ec7a000-7f2b6ec7b000 r--p 0004f000 08:03 6168631                    /usr/lib/x86_64-linux-gnu/libgobject-2.0.so.0.4002.0
7f2b6ec7b000-7f2b6ec7c000 rw-p 00050000 08:03 6168631                    /usr/lib/x86_64-linux-gnu/libgobject-2.0.so.0.4002.0
7f2b6ec7c000-7f2b6ede8000 r-xp 00000000 08:03 6168603                    /usr/lib/x86_64-linux-gnu/libgio-2.0.so.0.4002.0
7f2b6ede8000-7f2b6efe7000 ---p 0016c000 08:03 6168603                    /usr/lib/x86_64-linux-gnu/libgio-2.0.so.0.4002.0
7f2b6efe7000-7f2b6efeb000 r--p 0016b000 08:03 6168603                    /usr/lib/x86_64-linux-gnu/libgio-2.0.so.0.4002.0
7f2b6efeb000-7f2b6efed000 rw-p 0016f000 08:03 6168603                    /usr/lib/x86_64-linux-gnu/libgio-2.0.so.0.4002.0
7f2b6efed000-7f2b6efef000 rw-p 00000000 00:00 0 
7f2b6efef000-7f2b6f006000 r-xp 00000000 08:03 9576459                    /usr/lib/jvm/java-7-openjdk-amd64/jre/lib/amd64/libnet.so
7f2b6f006000-7f2b6f205000 ---p 00017000 08:03 9576459                    /usr/lib/jvm/java-7-openjdk-amd64/jre/lib/amd64/libnet.so
7f2b6f205000-7f2b6f206000 r--p 00016000 08:03 9576459                    /usr/lib/jvm/java-7-openjdk-amd64/jre/lib/amd64/libnet.so
7f2b6f206000-7f2b6f207000 rw-p 00017000 08:03 9576459                    /usr/lib/jvm/java-7-openjdk-amd64/jre/lib/amd64/libnet.so
7f2b6f207000-7f2b6f217000 r-xp 00000000 08:03 9576429                    /usr/lib/jvm/java-7-openjdk-amd64/jre/lib/amd64/libnio.so
7f2b6f217000-7f2b6f417000 ---p 00010000 08:03 9576429                    /usr/lib/jvm/java-7-openjdk-amd64/jre/lib/amd64/libnio.so
7f2b6f417000-7f2b6f418000 r--p 00010000 08:03 9576429                    /usr/lib/jvm/java-7-openjdk-amd64/jre/lib/amd64/libnio.so
7f2b6f418000-7f2b6f419000 rw-p 00011000 08:03 9576429                    /usr/lib/jvm/java-7-openjdk-amd64/jre/lib/amd64/libnio.so
7f2b6f419000-7f2b6f41c000 ---p 00000000 00:00 0 
7f2b6f41c000-7f2b6f51a000 rw-p 00000000 00:00 0 
7f2b6f51a000-7f2b6f51d000 ---p 00000000 00:00 0 
7f2b6f51d000-7f2b6f61b000 rw-p 00000000 00:00 0 
7f2b6f61b000-7f2b6f61e000 ---p 00000000 00:00 0 
7f2b6f61e000-7f2b6f71c000 rw-p 00000000 00:00 0 
7f2b6f71c000-7f2b6f71f000 ---p 00000000 00:00 0 
7f2b6f71f000-7f2b6f81d000 rw-p 00000000 00:00 0 
7f2b6f81d000-7f2b6f820000 ---p 00000000 00:00 0 
7f2b6f820000-7f2b6f91e000 rw-p 00000000 00:00 0 
7f2b6f91e000-7f2b70000000 r--p 00000000 08:03 6167220                    /usr/lib/locale/locale-archive
7f2b70000000-7f2b70021000 rw-p 00000000 00:00 0 
7f2b70021000-7f2b74000000 ---p 00000000 00:00 0 
7f2b740d3000-7f2b740e2000 r--s 000df000 08:03 12845095                   /home/vineet/Android/Sdk/build-tools/23.0.0/lib/dx.jar
7f2b740e2000-7f2b740e3000 ---p 00000000 00:00 0 
7f2b740e3000-7f2b741e3000 rw-p 00000000 00:00 0                          [stack:8461]
7f2b741e3000-7f2b741e6000 ---p 00000000 00:00 0 
7f2b741e6000-7f2b742e4000 rw-p 00000000 00:00 0                          [stack:8460]
7f2b742e4000-7f2b742e7000 ---p 00000000 00:00 0 
7f2b742e7000-7f2b743e5000 rw-p 00000000 00:00 0                          [stack:8459]
7f2b743e5000-7f2b743e8000 ---p 00000000 00:00 0 
7f2b743e8000-7f2b744e6000 rw-p 00000000 00:00 0                          [stack:8458]
7f2b744e6000-7f2b744e9000 ---p 00000000 00:00 0 
7f2b744e9000-7f2b745e7000 rw-p 00000000 00:00 0                          [stack:8457]
7f2b745e7000-7f2b745ea000 ---p 00000000 00:00 0 
7f2b745ea000-7f2b746e8000 rw-p 00000000 00:00 0                          [stack:8456]
7f2b746e8000-7f2b746eb000 ---p 00000000 00:00 0 
7f2b746eb000-7f2b747e9000 rw-p 00000000 00:00 0                          [stack:8455]
7f2b747e9000-7f2b747ea000 ---p 00000000 00:00 0 
7f2b747ea000-7f2b78000000 rw-p 00000000 00:00 0                          [stack:8454]
7f2b78000000-7f2b78021000 rw-p 00000000 00:00 0 
7f2b78021000-7f2b7c000000 ---p 00000000 00:00 0 
7f2b7c004000-7f2b7c009000 r--s 0004e000 08:03 9576470                    /usr/lib/jvm/java-7-openjdk-amd64/jre/lib/jsse.jar
7f2b7c009000-7f2b7c1bb000 r--s 01d30000 08:03 9576423                    /usr/lib/jvm/java-7-openjdk-amd64/jre/lib/rt.jar
7f2b7c1bb000-7f2b7c231000 rw-p 00000000 00:00 0 
7f2b7c231000-7f2b7c232000 ---p 00000000 00:00 0 
7f2b7c232000-7f2b7c332000 rw-p 00000000 00:00 0                          [stack:8453]
7f2b7c332000-7f2b7c333000 ---p 00000000 00:00 0 
7f2b7c333000-7f2b7c433000 rw-p 00000000 00:00 0                          [stack:8452]
7f2b7c433000-7f2b7c434000 ---p 00000000 00:00 0 
7f2b7c434000-7f2b7c534000 rw-p 00000000 00:00 0                          [stack:8451]
7f2b7c534000-7f2b7c535000 ---p 00000000 00:00 0 
7f2b7c535000-7f2b7c64a000 rw-p 00000000 00:00 0                          [stack:8450]
7f2b7c64a000-7f2b7c78b000 rw-p 00000000 00:00 0 
7f2b7c78b000-7f2b7c796000 rw-p 00000000 00:00 0 
7f2b7c796000-7f2b7c7de000 rw-p 00000000 00:00 0 
7f2b7c7de000-7f2b7c7f3000 rw-p 00000000 00:00 0 
7f2b7c7f3000-7f2b7c933000 rw-p 00000000 00:00 0 
7f2b7c933000-7f2b7c95e000 rw-p 00000000 00:00 0 
7f2b7c95e000-7f2b7c95f000 ---p 00000000 00:00 0 
7f2b7c95f000-7f2b7c9de000 rw-p 00000000 00:00 0 
7f2b7c9de000-7f2b7c9df000 rw-p 00000000 00:00 0 
7f2b7c9df000-7f2b7cc4f000 rwxp 00000000 00:00 0 
7f2b7cc4f000-7f2b7f9df000 rw-p 00000000 00:00 0 
7f2b7f9df000-7f2b7f9e7000 r-xp 00000000 08:03 9576433                    /usr/lib/jvm/java-7-openjdk-amd64/jre/lib/amd64/libzip.so
7f2b7f9e7000-7f2b7fbe6000 ---p 00008000 08:03 9576433                    /usr/lib/jvm/java-7-openjdk-amd64/jre/lib/amd64/libzip.so
7f2b7fbe6000-7f2b7fbe7000 r--p 00007000 08:03 9576433                    /usr/lib/jvm/java-7-openjdk-amd64/jre/lib/amd64/libzip.so
7f2b7fbe7000-7f2b7fbe8000 rw-p 00008000 08:03 9576433                    /usr/lib/jvm/java-7-openjdk-amd64/jre/lib/amd64/libzip.so
7f2b7fbe8000-7f2b7fbf3000 r-xp 00000000 08:03 13373618                   /lib/x86_64-linux-gnu/libnss_files-2.19.so
7f2b7fbf3000-7f2b7fdf2000 ---p 0000b000 08:03 13373618                   /lib/x86_64-linux-gnu/libnss_files-2.19.so
7f2b7fdf2000-7f2b7fdf3000 r--p 0000a000 08:03 13373618                   /lib/x86_64-linux-gnu/libnss_files-2.19.so
7f2b7fdf3000-7f2b7fdf4000 rw-p 0000b000 08:03 13373618                   /lib/x86_64-linux-gnu/libnss_files-2.19.so
7f2b7fdf4000-7f2b7fdff000 r-xp 00000000 08:03 13373628                   /lib/x86_64-linux-gnu/libnss_nis-2.19.so
7f2b7fdff000-7f2b7fffe000 ---p 0000b000 08:03 13373628                   /lib/x86_64-linux-gnu/libnss_nis-2.19.so
7f2b7fffe000-7f2b7ffff000 r--p 0000a000 08:03 13373628                   /lib/x86_64-linux-gnu/libnss_nis-2.19.so
7f2b7ffff000-7f2b80000000 rw-p 0000b000 08:03 13373628                   /lib/x86_64-linux-gnu/libnss_nis-2.19.so
7f2b80000000-7f2b802a5000 rw-p 00000000 00:00 0 
7f2b802a5000-7f2b84000000 ---p 00000000 00:00 0 
7f2b84004000-7f2b840fc000 rw-p 00000000 00:00 0 
7f2b840fc000-7f2b84144000 rw-p 00000000 00:00 0 
7f2b84144000-7f2b8415b000 r-xp 00000000 08:03 13373612                   /lib/x86_64-linux-gnu/libnsl-2.19.so
7f2b8415b000-7f2b8435a000 ---p 00017000 08:03 13373612                   /lib/x86_64-linux-gnu/libnsl-2.19.so
7f2b8435a000-7f2b8435b000 r--p 00016000 08:03 13373612                   /lib/x86_64-linux-gnu/libnsl-2.19.so
7f2b8435b000-7f2b8435c000 rw-p 00017000 08:03 13373612                   /lib/x86_64-linux-gnu/libnsl-2.19.so
7f2b8435c000-7f2b8435e000 rw-p 00000000 00:00 0 
7f2b8435e000-7f2b84367000 r-xp 00000000 08:03 13373614                   /lib/x86_64-linux-gnu/libnss_compat-2.19.so
7f2b84367000-7f2b84566000 ---p 00009000 08:03 13373614                   /lib/x86_64-linux-gnu/libnss_compat-2.19.so
7f2b84566000-7f2b84567000 r--p 00008000 08:03 13373614                   /lib/x86_64-linux-gnu/libnss_compat-2.19.so
7f2b84567000-7f2b84568000 rw-p 00009000 08:03 13373614                   /lib/x86_64-linux-gnu/libnss_compat-2.19.so
7f2b84568000-7f2b84593000 r-xp 00000000 08:03 9576441                    /usr/lib/jvm/java-7-openjdk-amd64/jre/lib/amd64/libjava.so
7f2b84593000-7f2b84793000 ---p 0002b000 08:03 9576441                    /usr/lib/jvm/java-7-openjdk-amd64/jre/lib/amd64/libjava.so
7f2b84793000-7f2b84794000 r--p 0002b000 08:03 9576441                    /usr/lib/jvm/java-7-openjdk-amd64/jre/lib/amd64/libjava.so
7f2b84794000-7f2b84796000 rw-p 0002c000 08:03 9576441                    /usr/lib/jvm/java-7-openjdk-amd64/jre/lib/amd64/libjava.so
7f2b84796000-7f2b847a6000 r-xp 00000000 08:03 9576455                    /usr/lib/jvm/java-7-openjdk-amd64/jre/lib/amd64/libverify.so
7f2b847a6000-7f2b849a5000 ---p 00010000 08:03 9576455                    /usr/lib/jvm/java-7-openjdk-amd64/jre/lib/amd64/libverify.so
7f2b849a5000-7f2b849a7000 r--p 0000f000 08:03 9576455                    /usr/lib/jvm/java-7-openjdk-amd64/jre/lib/amd64/libverify.so
7f2b849a7000-7f2b849a8000 rw-p 00011000 08:03 9576455                    /usr/lib/jvm/java-7-openjdk-amd64/jre/lib/amd64/libverify.so
7f2b849a8000-7f2b849af000 r-xp 00000000 08:03 13373671                   /lib/x86_64-linux-gnu/librt-2.19.so
7f2b849af000-7f2b84bae000 ---p 00007000 08:03 13373671                   /lib/x86_64-linux-gnu/librt-2.19.so
7f2b84bae000-7f2b84baf000 r--p 00006000 08:03 13373671                   /lib/x86_64-linux-gnu/librt-2.19.so
7f2b84baf000-7f2b84bb0000 rw-p 00007000 08:03 13373671                   /lib/x86_64-linux-gnu/librt-2.19.so
7f2b84bb0000-7f2b84bc6000 r-xp 00000000 08:03 13373570                   /lib/x86_64-linux-gnu/libgcc_s.so.1
7f2b84bc6000-7f2b84dc5000 ---p 00016000 08:03 13373570                   /lib/x86_64-linux-gnu/libgcc_s.so.1
7f2b84dc5000-7f2b84dc6000 rw-p 00015000 08:03 13373570                   /lib/x86_64-linux-gnu/libgcc_s.so.1
7f2b84dc6000-7f2b84ecb000 r-xp 00000000 08:03 13373593                   /lib/x86_64-linux-gnu/libm-2.19.so
7f2b84ecb000-7f2b850ca000 ---p 00105000 08:03 13373593                   /lib/x86_64-linux-gnu/libm-2.19.so
7f2b850ca000-7f2b850cb000 r--p 00104000 08:03 13373593                   /lib/x86_64-linux-gnu/libm-2.19.so
7f2b850cb000-7f2b850cc000 rw-p 00105000 08:03 13373593                   /lib/x86_64-linux-gnu/libm-2.19.so
7f2b850cc000-7f2b851b2000 r-xp 00000000 08:03 6169124                    /usr/lib/x86_64-linux-gnu/libstdc++.so.6.0.19
7f2b851b2000-7f2b853b1000 ---p 000e6000 08:03 6169124                    /usr/lib/x86_64-linux-gnu/libstdc++.so.6.0.19
7f2b853b1000-7f2b853b9000 r--p 000e5000 08:03 6169124                    /usr/lib/x86_64-linux-gnu/libstdc++.so.6.0.19
7f2b853b9000-7f2b853bb000 rw-p 000ed000 08:03 6169124                    /usr/lib/x86_64-linux-gnu/libstdc++.so.6.0.19
7f2b853bb000-7f2b853d0000 rw-p 00000000 00:00 0 
7f2b853d0000-7f2b85ef4000 r-xp 00000000 08:03 9576447                    /usr/lib/jvm/java-7-openjdk-amd64/jre/lib/amd64/server/libjvm.so
7f2b85ef4000-7f2b860f3000 ---p 00b24000 08:03 9576447                    /usr/lib/jvm/java-7-openjdk-amd64/jre/lib/amd64/server/libjvm.so
7f2b860f3000-7f2b8618d000 r--p 00b23000 08:03 9576447                    /usr/lib/jvm/java-7-openjdk-amd64/jre/lib/amd64/server/libjvm.so
7f2b8618d000-7f2b861b0000 rw-p 00bbd000 08:03 9576447                    /usr/lib/jvm/java-7-openjdk-amd64/jre/lib/amd64/server/libjvm.so
7f2b861b0000-7f2b861de000 rw-p 00000000 00:00 0 
7f2b861de000-7f2b861f6000 r-xp 00000000 08:03 13373706                   /lib/x86_64-linux-gnu/libz.so.1.2.8
7f2b861f6000-7f2b863f5000 ---p 00018000 08:03 13373706                   /lib/x86_64-linux-gnu/libz.so.1.2.8
7f2b863f5000-7f2b863f6000 r--p 00017000 08:03 13373706                   /lib/x86_64-linux-gnu/libz.so.1.2.8
7f2b863f6000-7f2b863f7000 rw-p 00018000 08:03 13373706                   /lib/x86_64-linux-gnu/libz.so.1.2.8
7f2b863f7000-7f2b86410000 r-xp 00000000 08:03 13373663                   /lib/x86_64-linux-gnu/libpthread-2.19.so
7f2b86410000-7f2b8660f000 ---p 00019000 08:03 13373663                   /lib/x86_64-linux-gnu/libpthread-2.19.so
7f2b8660f000-7f2b86610000 r--p 00018000 08:03 13373663                   /lib/x86_64-linux-gnu/libpthread-2.19.so
7f2b86610000-7f2b86611000 rw-p 00019000 08:03 13373663                   /lib/x86_64-linux-gnu/libpthread-2.19.so
7f2b86611000-7f2b86615000 rw-p 00000000 00:00 0 
7f2b86615000-7f2b86618000 r-xp 00000000 08:03 13373560                   /lib/x86_64-linux-gnu/libdl-2.19.so
7f2b86618000-7f2b86817000 ---p 00003000 08:03 13373560                   /lib/x86_64-linux-gnu/libdl-2.19.so
7f2b86817000-7f2b86818000 r--p 00002000 08:03 13373560                   /lib/x86_64-linux-gnu/libdl-2.19.so
7f2b86818000-7f2b86819000 rw-p 00003000 08:03 13373560                   /lib/x86_64-linux-gnu/libdl-2.19.so
7f2b86819000-7f2b869d4000 r-xp 00000000 08:03 13373543                   /lib/x86_64-linux-gnu/libc-2.19.so
7f2b869d4000-7f2b86bd3000 ---p 001bb000 08:03 13373543                   /lib/x86_64-linux-gnu/libc-2.19.so
7f2b86bd3000-7f2b86bd7000 r--p 001ba000 08:03 13373543                   /lib/x86_64-linux-gnu/libc-2.19.so
7f2b86bd7000-7f2b86bd9000 rw-p 001be000 08:03 13373543                   /lib/x86_64-linux-gnu/libc-2.19.so
7f2b86bd9000-7f2b86bde000 rw-p 00000000 00:00 0 
7f2b86bde000-7f2b86beb000 r-xp 00000000 08:03 9576456                    /usr/lib/jvm/java-7-openjdk-amd64/jre/lib/amd64/jli/libjli.so
7f2b86beb000-7f2b86dea000 ---p 0000d000 08:03 9576456                    /usr/lib/jvm/java-7-openjdk-amd64/jre/lib/amd64/jli/libjli.so
7f2b86dea000-7f2b86deb000 r--p 0000c000 08:03 9576456                    /usr/lib/jvm/java-7-openjdk-amd64/jre/lib/amd64/jli/libjli.so
7f2b86deb000-7f2b86dec000 rw-p 0000d000 08:03 9576456                    /usr/lib/jvm/java-7-openjdk-amd64/jre/lib/amd64/jli/libjli.so
7f2b86dec000-7f2b86e0f000 r-xp 00000000 08:03 13373519                   /lib/x86_64-linux-gnu/ld-2.19.so
7f2b86e0f000-7f2b86e32000 rw-p 00000000 00:00 0 
7f2b86e32000-7f2b86ee8000 rw-p 00000000 00:00 0 
7f2b86ee8000-7f2b86eeb000 ---p 00000000 00:00 0 
7f2b86eeb000-7f2b86fee000 rw-p 00000000 00:00 0                          [stack:8449]
7f2b86fee000-7f2b86ff1000 r--s 0000f000 08:03 9576417                    /usr/lib/jvm/java-7-openjdk-amd64/jre/lib/ext/icedtea-sound.jar
7f2b86ff1000-7f2b86ff3000 r--s 00006000 08:03 6560488                    /usr/share/java/java-atk-wrapper.jar
7f2b86ff3000-7f2b86ff5000 r--s 00012000 08:03 9576415                    /usr/lib/jvm/java-7-openjdk-amd64/jre/lib/ext/zipfs.jar
7f2b86ff5000-7f2b86ff9000 r--s 0003c000 08:03 9576419                    /usr/lib/jvm/java-7-openjdk-amd64/jre/lib/ext/sunpkcs11.jar
7f2b86ff9000-7f2b86ffd000 r--s 00085000 08:03 9576416                    /usr/lib/jvm/java-7-openjdk-amd64/jre/lib/ext/localedata.jar
7f2b86ffd000-7f2b86ffe000 r--s 00002000 08:03 9576420                    /usr/lib/jvm/java-7-openjdk-amd64/jre/lib/ext/dnsns.jar
7f2b86ffe000-7f2b87002000 r--s 00034000 08:03 9576418                    /usr/lib/jvm/java-7-openjdk-amd64/jre/lib/ext/sunjce_provider.jar
7f2b87002000-7f2b8700a000 rw-s 00000000 08:03 3016040                    /tmp/hsperfdata_vineet/8445
7f2b8700a000-7f2b8700b000 rw-p 00000000 00:00 0 
7f2b8700b000-7f2b8700c000 ---p 00000000 00:00 0 
7f2b8700c000-7f2b8700e000 rw-p 00000000 00:00 0 
7f2b8700e000-7f2b8700f000 r--p 00022000 08:03 13373519                   /lib/x86_64-linux-gnu/ld-2.19.so
7f2b8700f000-7f2b87010000 rw-p 00023000 08:03 13373519                   /lib/x86_64-linux-gnu/ld-2.19.so
7f2b87010000-7f2b87011000 rw-p 00000000 00:00 0 
7ffcc4783000-7ffcc47a4000 rw-p 00000000 00:00 0                          [stack]
7ffcc47ce000-7ffcc47d0000 r--p 00000000 00:00 0                          [vvar]
7ffcc47d0000-7ffcc47d2000 r-xp 00000000 00:00 0                          [vdso]
ffffffffff600000-ffffffffff601000 r-xp 00000000 00:00 0                  [vsyscall]

VM Arguments:
jvm_args: -Xmx1024M -Dfile.encoding=UTF-8 -Duser.country=US -Duser.language=en -Duser.variant 
java_command: com.android.dx.command.Main --dex --num-threads=4 --output /home/vineet/Documents/CEN/IC3/gatorEvents/app/build/intermediates/dex/debug /home/vineet/Documents/CEN/IC3/gatorEvents/app/build/intermediates/classes/debug /home/vineet/Documents/CEN/IC3/gatorEvents/app/build/intermediates/pre-dexed/debug/support-annotations-23.0.1-965948ec08b93da00850c79c50d7f9f167124953.jar /home/vineet/Documents/CEN/IC3/gatorEvents/app/build/intermediates/pre-dexed/debug/httpmime-4.5.1-a69139e3b78ff1775fac1d16ac68a3fe86566a02.jar /home/vineet/Documents/CEN/IC3/gatorEvents/app/build/intermediates/pre-dexed/debug/classes-0d908823898fa0f9d534d0594a6f7eebf445766a.jar /home/vineet/Documents/CEN/IC3/gatorEvents/app/build/intermediates/pre-dexed/debug/internal_impl-23.0.1-9a388d295252417c348d9422c6cb75c8489d1a42.jar /home/vineet/Documents/CEN/IC3/gatorEvents/app/build/intermediates/pre-dexed/debug/httpcore-4.4.3-21099e5521e556f7382a2bf10a4e32ee13b4b227.jar /home/vineet/Documents/CEN/IC3/gatorEvents/app/build/intermediates/pre-dexed/debug/classes-44a865385ecafb97381f855e7564031491b4c612.jar /home/vineet/Documents/CEN/IC3/gatorEvents/app/build/intermediates/pre-dexed/debug/httpclient-4.5.1-b1c53e6e8435b1a1d1dca3c672921a38487c038b.jar /home/vineet/Documents/CEN/IC3/gatorEvents/app/build/intermediates/pre-dexed/debug/classes-72b33d9ee03afec1958756dae43827b2a2b2ce70.jar
Launcher Type: SUN_STANDARD

Environment Variables:
JAVA_HOME=/usr/lib/jvm/java-8-oracle
PATH=/usr/local/sbin:/usr/local/bin:/usr/sbin:/usr/bin:/sbin:/bin:/usr/games:/usr/local/games
LD_LIBRARY_PATH=/home/vineet/development/android-studio/bin:
SHELL=/bin/bash
DISPLAY=:0

Signal Handlers:
SIGSEGV: [libjvm.so+0x954820], sa_mask[0]=0x7ffbfeff, sa_flags=0x10000004
SIGBUS: [libjvm.so+0x954820], sa_mask[0]=0x7ffbfeff, sa_flags=0x10000004
SIGFPE: [libjvm.so+0x7cb150], sa_mask[0]=0x7ffbfeff, sa_flags=0x10000004
SIGPIPE: [libjvm.so+0x7cb150], sa_mask[0]=0x7ffbfeff, sa_flags=0x10000004
SIGXFSZ: [libjvm.so+0x7cb150], sa_mask[0]=0x7ffbfeff, sa_flags=0x10000004
SIGILL: [libjvm.so+0x7cb150], sa_mask[0]=0x7ffbfeff, sa_flags=0x10000004
SIGUSR1: SIG_DFL, sa_mask[0]=0x00000000, sa_flags=0x00000000
SIGUSR2: [libjvm.so+0x7caff0], sa_mask[0]=0x00000004, sa_flags=0x10000004
SIGHUP: [libjvm.so+0x7cb1d0], sa_mask[0]=0x7ffbfeff, sa_flags=0x10000004
SIGINT: [libjvm.so+0x7cb1d0], sa_mask[0]=0x7ffbfeff, sa_flags=0x10000004
SIGTERM: [libjvm.so+0x7cb1d0], sa_mask[0]=0x7ffbfeff, sa_flags=0x10000004
SIGQUIT: [libjvm.so+0x7cb1d0], sa_mask[0]=0x7ffbfeff, sa_flags=0x10000004
SIGTRAP: SIG_DFL, sa_mask[0]=0x00000000, sa_flags=0x00000000


---------------  S Y S T E M  ---------------

OS:Ubuntu 14.04 (trusty)
uname:Linux 3.19.0-33-generic #38~14.04.1-Ubuntu SMP Fri Nov 6 18:17:28 UTC 2015 x86_64
libc:glibc 2.19 NPTL 2.19 
rlimit: STACK 8192k, CORE 0k, NPROC 15499, NOFILE 4096, AS infinity
load average:8.12 2.53 1.21

/proc/meminfo:
MemTotal:        3989144 kB
MemFree:          123772 kB
MemAvailable:      63296 kB
Buffers:            1128 kB
Cached:           395648 kB
SwapCached:            0 kB
Active:          3331380 kB
Inactive:         360628 kB
Active(anon):    3328188 kB
Inactive(anon):   346656 kB
Active(file):       3192 kB
Inactive(file):    13972 kB
Unevictable:         128 kB
Mlocked:             128 kB
SwapTotal:             0 kB
SwapFree:              0 kB
Dirty:                24 kB
Writeback:             0 kB
AnonPages:       3295812 kB
Mapped:            88492 kB
Shmem:            379160 kB
Slab:              65836 kB
SReclaimable:      30824 kB
SUnreclaim:        35012 kB
KernelStack:       11376 kB
PageTables:        44100 kB
NFS_Unstable:          0 kB
Bounce:                0 kB
WritebackTmp:          0 kB
CommitLimit:     1994572 kB
Committed_AS:    8606332 kB
VmallocTotal:   34359738367 kB
VmallocUsed:      359888 kB
VmallocChunk:   34359365112 kB
HardwareCorrupted:     0 kB
AnonHugePages:    989184 kB
CmaTotal:              0 kB
CmaFree:               0 kB
HugePages_Total:       0
HugePages_Free:        0
HugePages_Rsvd:        0
HugePages_Surp:        0
Hugepagesize:       2048 kB
DirectMap4k:      133376 kB
DirectMap2M:     4003840 kB


CPU:total 4 (2 cores per cpu, 2 threads per core) family 6 model 42 stepping 7, cmov, cx8, fxsr, mmx, sse, sse2, sse3, ssse3, sse4.1, sse4.2, popcnt, avx, ht, tsc, tscinvbit

/proc/cpuinfo:
processor	: 0
vendor_id	: GenuineIntel
cpu family	: 6
model		: 42
model name	: Intel(R) Core(TM) i3-2350M CPU @ 2.30GHz
stepping	: 7
microcode	: 0x25
cpu MHz		: 881.187
cache size	: 3072 KB
physical id	: 0
siblings	: 4
core id		: 0
cpu cores	: 2
apicid		: 0
initial apicid	: 0
fpu		: yes
fpu_exception	: yes
cpuid level	: 13
wp		: yes
flags		: fpu vme de pse tsc msr pae mce cx8 apic sep mtrr pge mca cmov pat pse36 clflush dts acpi mmx fxsr sse sse2 ss ht tm pbe syscall nx rdtscp lm constant_tsc arch_perfmon pebs bts rep_good nopl xtopology nonstop_tsc aperfmperf eagerfpu pni pclmulqdq dtes64 monitor ds_cpl vmx est tm2 ssse3 cx16 xtpr pdcm pcid sse4_1 sse4_2 x2apic popcnt tsc_deadline_timer xsave avx lahf_lm arat epb pln pts dtherm tpr_shadow vnmi flexpriority ept vpid xsaveopt
bugs		:
bogomips	: 4589.23
clflush size	: 64
cache_alignment	: 64
address sizes	: 36 bits physical, 48 bits virtual
power management:

processor	: 1
vendor_id	: GenuineIntel
cpu family	: 6
model		: 42
model name	: Intel(R) Core(TM) i3-2350M CPU @ 2.30GHz
stepping	: 7
microcode	: 0x25
cpu MHz		: 799.968
cache size	: 3072 KB
physical id	: 0
siblings	: 4
core id		: 0
cpu cores	: 2
apicid		: 1
initial apicid	: 1
fpu		: yes
fpu_exception	: yes
cpuid level	: 13
wp		: yes
flags		: fpu vme de pse tsc msr pae mce cx8 apic sep mtrr pge mca cmov pat pse36 clflush dts acpi mmx fxsr sse sse2 ss ht tm pbe syscall nx rdtscp lm constant_tsc arch_perfmon pebs bts rep_good nopl xtopology nonstop_tsc aperfmperf eagerfpu pni pclmulqdq dtes64 monitor ds_cpl vmx est tm2 ssse3 cx16 xtpr pdcm pcid sse4_1 sse4_2 x2apic popcnt tsc_deadline_timer xsave avx lahf_lm arat epb pln pts dtherm tpr_shadow vnmi flexpriority ept vpid xsaveopt
bugs		:
bogomips	: 4589.23
clflush size	: 64
cache_alignment	: 64
address sizes	: 36 bits physical, 48 bits virtual
power management:

processor	: 2
vendor_id	: GenuineIntel
cpu family	: 6
model		: 42
model name	: Intel(R) Core(TM) i3-2350M CPU @ 2.30GHz
stepping	: 7
microcode	: 0x25
cpu MHz		: 831.683
cache size	: 3072 KB
physical id	: 0
siblings	: 4
core id		: 1
cpu cores	: 2
apicid		: 2
initial apicid	: 2
fpu		: yes
fpu_exception	: yes
cpuid level	: 13
wp		: yes
flags		: fpu vme de pse tsc msr pae mce cx8 apic sep mtrr pge mca cmov pat pse36 clflush dts acpi mmx fxsr sse sse2 ss ht tm pbe syscall nx rdtscp lm constant_tsc arch_perfmon pebs bts rep_good nopl xtopology nonstop_tsc aperfmperf eagerfpu pni pclmulqdq dtes64 monitor ds_cpl vmx est tm2 ssse3 cx16 xtpr pdcm pcid sse4_1 sse4_2 x2apic popcnt tsc_deadline_timer xsave avx lahf_lm arat epb pln pts dtherm tpr_shadow vnmi flexpriority ept vpid xsaveopt
bugs		:
bogomips	: 4589.23
clflush size	: 64
cache_alignment	: 64
address sizes	: 36 bits physical, 48 bits virtual
power management:

processor	: 3
vendor_id	: GenuineIntel
cpu family	: 6
model		: 42
model name	: Intel(R) Core(TM) i3-2350M CPU @ 2.30GHz
stepping	: 7
microcode	: 0x25
cpu MHz		: 834.648
cache size	: 3072 KB
physical id	: 0
siblings	: 4
core id		: 1
cpu cores	: 2
apicid		: 3
initial apicid	: 3
fpu		: yes
fpu_exception	: yes
cpuid level	: 13
wp		: yes
flags		: fpu vme de pse tsc msr pae mce cx8 apic sep mtrr pge mca cmov pat pse36 clflush dts acpi mmx fxsr sse sse2 ss ht tm pbe syscall nx rdtscp lm constant_tsc arch_perfmon pebs bts rep_good nopl xtopology nonstop_tsc aperfmperf eagerfpu pni pclmulqdq dtes64 monitor ds_cpl vmx est tm2 ssse3 cx16 xtpr pdcm pcid sse4_1 sse4_2 x2apic popcnt tsc_deadline_timer xsave avx lahf_lm arat epb pln pts dtherm tpr_shadow vnmi flexpriority ept vpid xsaveopt
bugs		:
bogomips	: 4589.23
clflush size	: 64
cache_alignment	: 64
address sizes	: 36 bits physical, 48 bits virtual
power management:



Memory: 4k page, physical 3989144k(123772k free), swap 0k(0k free)

vm_info: OpenJDK 64-Bit Server VM (24.85-b03) for linux-amd64 JRE (1.7.0_85-b01), built on Oct 22 2015 06:46:50 by "buildd" with gcc 4.8.2

time: Fri Nov 13 18:50:59 2015
elapsed time: 40 seconds

